T15-vHost02-cum3-IP=.133.32	Mon Nov 24 12:52:40 PST 2014	83.0	899.0	0.0	896.0	0.0	
T15-vHost03-cum3-IP=.133.33	Mon Nov 24 12:52:40 PST 2014	49.0	799.0	0.0	896.0	0.0	
T15-vHost01-cum3-IP=.133.31	Mon Nov 24 12:52:40 PST 2014	156.0	1399.0	0.0	912.0	0.0	
T15-vHost02-cum3-IP=.133.32	Mon Nov 24 12:52:40 PST 2014	83.0	899.0	0.0	896.0	0.0	
T15-vHost03-cum3-IP=.133.33	Mon Nov 24 12:52:40 PST 2014	49.0	799.0	0.0	896.0	0.0	
T15-vHost01-cum3-IP=.133.31	Mon Nov 24 12:53:00 PST 2014	156.0	1399.0	0.0	912.0	0.0	
T15-vHost02-cum3-IP=.133.32	Mon Nov 24 12:53:00 PST 2014	83.0	899.0	0.0	896.0	0.0	
T15-vHost03-cum3-IP=.133.33	Mon Nov 24 12:53:00 PST 2014	72.0	799.0	0.0	260.0	0.0	
T15-vHost01-cum3-IP=.133.31	Mon Nov 24 12:53:00 PST 2014	115.0	1699.0	0.0	275.0	0.0	
T15-vHost02-cum3-IP=.133.32	Thu Nov 27 19:37:40 PST 2014	151.0	2599.0	0.0	260.0	0.0	
T15-vHost03-cum3-IP=.133.33	Thu Nov 27 19:37:40 PST 2014	79.0	899.0	0.0	261.0	0.0	
T15-vHost01-cum3-IP=.133.31	Thu Nov 27 19:37:40 PST 2014	38.0	399.0	0.0	260.0	0.0	
T15-vHost02-cum3-IP=.133.32	Thu Nov 27 19:37:40 PST 2014	151.0	2599.0	0.0	260.0	0.0	
T15-vHost03-cum3-IP=.133.33	Thu Nov 27 19:37:40 PST 2014	79.0	899.0	0.0	261.0	0.0	
T15-vHost01-cum3-IP=.133.31	Thu Nov 27 19:37:40 PST 2014	38.0	399.0	0.0	260.0	0.0	
T15-vHost02-cum3-IP=.133.32	Thu Nov 27 19:38:00 PST 2014	151.0	2599.0	0.0	260.0	0.0	
T15-vHost03-cum3-IP=.133.33	Thu Nov 27 19:38:00 PST 2014	79.0	899.0	0.0	261.0	0.0	
T15-vHost01-cum3-IP=.133.31	Thu Nov 27 19:38:00 PST 2014	38.0	399.0	0.0	260.0	0.0	
T15-vHost02-cum3-IP=.133.32	Thu Nov 27 19:38:00 PST 2014	137.0	2699.0	0.0	62.0	0.0	
T15-vHost03-cum3-IP=.133.33	Thu Nov 27 19:38:00 PST 2014	93.0	799.0	0.0	60.0	0.0	
T15-vHost01-cum3-IP=.133.31	Thu Nov 27 19:38:00 PST 2014	24.0	399.0	0.0	60.0	0.0	
T15-vHost02-cum3-IP=.133.32	Thu Nov 27 19:38:00 PST 2014	137.0	2699.0	0.0	62.0	0.0	
T15-vHost03-cum3-IP=.133.33	Thu Nov 27 19:38:00 PST 2014	93.0	799.0	0.0	60.0	0.0	
T15-vHost01-cum3-IP=.133.31	Thu Nov 27 19:38:00 PST 2014	24.0	399.0	0.0	60.0	0.0	
T15-vHost02-cum3-IP=.133.32	Thu Nov 27 19:38:20 PST 2014	137.0	2699.0	0.0	62.0	0.0	
T15-vHost03-cum3-IP=.133.33	Thu Nov 27 19:38:20 PST 2014	93.0	799.0	0.0	60.0	0.0	
T15-vHost01-cum3-IP=.133.31	Thu Nov 27 19:38:20 PST 2014	24.0	399.0	0.0	60.0	0.0	
T15-vHost02-cum3-IP=.133.32	Thu Nov 27 19:38:20 PST 2014	124.0	2699.0	0.0	203.0	0.0	
T15-vHost03-cum3-IP=.133.33	Thu Nov 27 19:38:20 PST 2014	69.0	799.0	0.0	204.0	0.0	
T15-vHost01-cum3-IP=.133.31	Thu Nov 27 19:38:20 PST 2014	23.0	399.0	0.0	203.0	0.0	
T15-vHost02-cum3-IP=.133.32	Thu Nov 27 19:38:20 PST 2014	124.0	2699.0	0.0	203.0	0.0	
T15-vHost03-cum3-IP=.133.33	Thu Nov 27 19:38:20 PST 2014	69.0	799.0	0.0	204.0	0.0	
T15-vHost01-cum3-IP=.133.31	Thu Nov 27 19:38:20 PST 2014	23.0	399.0	0.0	203.0	0.0	
T15-vHost02-cum3-IP=.133.32	Thu Nov 27 19:38:40 PST 2014	124.0	2699.0	0.0	203.0	0.0	
T15-vHost03-cum3-IP=.133.33	Thu Nov 27 19:38:40 PST 2014	69.0	799.0	0.0	204.0	0.0	
T15-vHost01-cum3-IP=.133.31	Thu Nov 27 19:38:40 PST 2014	23.0	399.0	0.0	203.0	0.0	
T15-vHost02-cum3-IP=.133.32	Thu Nov 27 19:38:40 PST 2014	131.0	2699.0	0.0	128.0	0.0	
T15-vHost03-cum3-IP=.133.33	Thu Nov 27 19:38:40 PST 2014	71.0	799.0	0.0	128.0	0.0	
T15-vHost01-cum3-IP=.133.31	Thu Nov 27 19:38:40 PST 2014	33.0	399.0	0.0	128.0	0.0	
T15-vHost02-cum3-IP=.133.32	Thu Nov 27 19:38:40 PST 2014	131.0	2699.0	0.0	128.0	0.0	
T15-vHost03-cum3-IP=.133.33	Thu Nov 27 19:38:40 PST 2014	71.0	799.0	0.0	128.0	0.0	
T15-vHost01-cum3-IP=.133.31	Thu Nov 27 19:38:40 PST 2014	33.0	399.0	0.0	128.0	0.0	
T15-vHost02-cum3-IP=.133.32	Thu Nov 27 19:39:00 PST 2014	131.0	2699.0	0.0	128.0	0.0	
T15-vHost03-cum3-IP=.133.33	Thu Nov 27 19:39:00 PST 2014	71.0	799.0	0.0	128.0	0.0	
T15-vHost01-cum3-IP=.133.31	Thu Nov 27 19:39:00 PST 2014	33.0	399.0	0.0	128.0	0.0	
T15-vHost02-cum3-IP=.133.32	Thu Nov 27 19:39:00 PST 2014	143.0	2799.0	0.0	60.0	0.0	
T15-vHost03-cum3-IP=.133.33	Thu Nov 27 19:39:00 PST 2014	93.0	799.0	0.0	60.0	0.0	
T15-vHost01-cum3-IP=.133.31	Thu Nov 27 19:39:00 PST 2014	17.0	399.0	0.0	60.0	0.0	
T15-vHost02-cum3-IP=.133.32	Thu Nov 27 19:39:00 PST 2014	143.0	2799.0	0.0	60.0	0.0	
T15-vHost03-cum3-IP=.133.33	Thu Nov 27 19:39:00 PST 2014	93.0	799.0	0.0	60.0	0.0	
T15-vHost01-cum3-IP=.133.31	Thu Nov 27 19:39:00 PST 2014	17.0	399.0	0.0	60.0	0.0	
T15-vHost02-cum3-IP=.133.32	Thu Nov 27 19:39:20 PST 2014	143.0	2799.0	0.0	60.0	0.0	
T15-vHost03-cum3-IP=.133.33	Thu Nov 27 19:39:20 PST 2014	93.0	799.0	0.0	60.0	0.0	
T15-vHost01-cum3-IP=.133.31	Thu Nov 27 19:39:20 PST 2014	17.0	399.0	0.0	60.0	0.0	
T15-vHost02-cum3-IP=.133.32	Thu Nov 27 19:39:20 PST 2014	157.0	2799.0	0.0	197.0	0.0	
T15-vHost03-cum3-IP=.133.33	Thu Nov 27 19:39:20 PST 2014	96.0	799.0	0.0	197.0	0.0	
T15-vHost01-cum3-IP=.133.31	Thu Nov 27 19:39:20 PST 2014	24.0	499.0	0.0	197.0	0.0	
T15-vHost02-cum3-IP=.133.32	Thu Nov 27 19:39:20 PST 2014	157.0	2799.0	0.0	197.0	0.0	
T15-vHost03-cum3-IP=.133.33	Thu Nov 27 19:39:20 PST 2014	96.0	799.0	0.0	197.0	0.0	
T15-vHost01-cum3-IP=.133.31	Thu Nov 27 19:39:20 PST 2014	24.0	499.0	0.0	197.0	0.0	
T15-vHost02-cum3-IP=.133.32	Thu Nov 27 19:39:40 PST 2014	157.0	2799.0	0.0	197.0	0.0	
T15-vHost03-cum3-IP=.133.33	Thu Nov 27 19:39:40 PST 2014	96.0	799.0	0.0	197.0	0.0	
T15-vHost01-cum3-IP=.133.31	Thu Nov 27 19:39:40 PST 2014	24.0	499.0	0.0	197.0	0.0	
T15-vHost02-cum3-IP=.133.32	Thu Nov 27 19:39:40 PST 2014	171.0	2799.0	0.0	133.0	0.0	
T15-vHost03-cum3-IP=.133.33	Thu Nov 27 19:39:40 PST 2014	91.0	799.0	0.0	124.0	0.0	
T15-vHost01-cum3-IP=.133.31	Thu Nov 27 19:39:40 PST 2014	29.0	499.0	0.0	123.0	0.0	
T15-vHost02-cum3-IP=.133.32	Thu Nov 27 19:39:40 PST 2014	171.0	2799.0	0.0	133.0	0.0	
T15-vHost03-cum3-IP=.133.33	Thu Nov 27 19:39:40 PST 2014	91.0	799.0	0.0	124.0	0.0	
T15-vHost01-cum3-IP=.133.31	Thu Nov 27 19:39:40 PST 2014	29.0	499.0	0.0	123.0	0.0	
T15-vHost02-cum3-IP=.133.32	Thu Nov 27 19:40:00 PST 2014	171.0	2799.0	0.0	133.0	0.0	
T15-vHost03-cum3-IP=.133.33	Thu Nov 27 19:40:00 PST 2014	91.0	799.0	0.0	124.0	0.0	
T15-vHost01-cum3-IP=.133.31	Thu Nov 27 19:40:00 PST 2014	29.0	499.0	0.0	123.0	0.0	
T15-vHost02-cum3-IP=.133.32	Thu Nov 27 19:40:00 PST 2014	120.0	2999.0	0.0	112.0	0.0	
T15-vHost03-cum3-IP=.133.33	Thu Nov 27 19:40:00 PST 2014	195.0	1099.0	0.0	122.0	0.0	
T15-vHost01-cum3-IP=.133.31	Thu Nov 27 19:40:00 PST 2014	33.0	499.0	0.0	110.0	0.0	
T15-vHost02-cum3-IP=.133.32	Thu Nov 27 19:40:00 PST 2014	120.0	2999.0	0.0	112.0	0.0	
T15-vHost03-cum3-IP=.133.33	Thu Nov 27 19:40:00 PST 2014	195.0	1099.0	0.0	122.0	0.0	
T15-vHost01-cum3-IP=.133.31	Thu Nov 27 19:40:00 PST 2014	33.0	499.0	0.0	110.0	0.0	
T15-vHost02-cum3-IP=.133.32	Thu Nov 27 19:40:20 PST 2014	120.0	2999.0	0.0	112.0	0.0	
T15-vHost03-cum3-IP=.133.33	Thu Nov 27 19:40:20 PST 2014	195.0	1099.0	0.0	122.0	0.0	
T15-vHost01-cum3-IP=.133.31	Thu Nov 27 19:40:20 PST 2014	33.0	499.0	0.0	110.0	0.0	
T15-vHost02-cum3-IP=.133.32	Thu Nov 27 19:40:20 PST 2014	133.0	2999.0	0.0	211.0	0.0	
T15-vHost03-cum3-IP=.133.33	Thu Nov 27 19:40:20 PST 2014	101.0	1099.0	0.0	219.0	0.0	
T15-vHost01-cum3-IP=.133.31	Thu Nov 27 19:40:20 PST 2014	35.0	499.0	0.0	211.0	0.0	
T15-vHost02-cum3-IP=.133.32	Thu Nov 27 19:40:20 PST 2014	133.0	2999.0	0.0	211.0	0.0	
T15-vHost03-cum3-IP=.133.33	Thu Nov 27 19:40:20 PST 2014	101.0	1099.0	0.0	219.0	0.0	
T15-vHost01-cum3-IP=.133.31	Thu Nov 27 19:40:20 PST 2014	35.0	499.0	0.0	211.0	0.0	
T15-vHost02-cum3-IP=.133.32	Thu Nov 27 19:40:40 PST 2014	133.0	2999.0	0.0	211.0	0.0	
T15-vHost03-cum3-IP=.133.33	Thu Nov 27 19:40:40 PST 2014	101.0	1099.0	0.0	219.0	0.0	
T15-vHost01-cum3-IP=.133.31	Thu Nov 27 19:40:40 PST 2014	35.0	499.0	0.0	211.0	0.0	
T15-vHost02-cum3-IP=.133.32	null	140.0	2999.0	0.0	191.0	0.0	
T15-vHost03-cum3-IP=.133.33	null	29.0	699.0	0.0	191.0	0.0	
T15-vHost01-cum3-IP=.133.31	null	42.0	699.0	0.0	191.0	0.0	
T15-vHost02-cum3-IP=.133.32	null	141.0	2399.0	0.0	97.0	0.0	
T15-vHost03-cum3-IP=.133.33	null	31.0	699.0	0.0	96.0	0.0	
T15-vHost01-cum3-IP=.133.31	null	35.0	399.0	0.0	96.0	0.0	
T15-vHost02-cum3-IP=.133.32	null	141.0	2500.0	0.0	59.0	0.0	
T15-vHost03-cum3-IP=.133.33	null	24.0	499.0	0.0	58.0	0.0	
T15-vHost01-cum3-IP=.133.31	null	29.0	399.0	0.0	58.0	0.0	
T15-vHost02-cum3-IP=.133.32	null	141.0	2500.0	0.0	59.0	0.0	
T15-vHost03-cum3-IP=.133.33	null	24.0	499.0	0.0	58.0	0.0	
T15-vHost01-cum3-IP=.133.31	null	29.0	399.0	0.0	58.0	0.0	
T15-vHost02-cum3-IP=.133.32	null	122.0	2299.0	0.0	196.0	0.0	
T15-vHost03-cum3-IP=.133.33	null	30.0	499.0	0.0	196.0	0.0	
T15-vHost01-cum3-IP=.133.31	null	20.0	399.0	0.0	196.0	0.0	
T15-vHost02-cum3-IP=.133.32	null	122.0	2299.0	0.0	196.0	0.0	
T15-vHost03-cum3-IP=.133.33	null	30.0	499.0	0.0	196.0	0.0	
T15-vHost01-cum3-IP=.133.31	null	20.0	399.0	0.0	196.0	0.0	
T15-vHost02-cum3-IP=.133.32	null	122.0	2299.0	0.0	196.0	0.0	
T15-vHost03-cum3-IP=.133.33	null	30.0	499.0	0.0	196.0	0.0	
T15-vHost01-cum3-IP=.133.31	null	20.0	399.0	0.0	196.0	0.0	
T15-vHost02-cum3-IP=.133.32	null	107.0	2299.0	0.0	129.0	0.0	
T15-vHost03-cum3-IP=.133.33	null	27.0	499.0	0.0	128.0	0.0	
T15-vHost01-cum3-IP=.133.31	null	23.0	199.0	0.0	128.0	0.0	
T15-vHost02-cum3-IP=.133.32	null	107.0	2299.0	0.0	129.0	0.0	
T15-vHost03-cum3-IP=.133.33	null	27.0	499.0	0.0	128.0	0.0	
T15-vHost01-cum3-IP=.133.31	null	23.0	199.0	0.0	128.0	0.0	
T15-vHost02-cum3-IP=.133.32	null	107.0	2299.0	0.0	129.0	0.0	
T15-vHost03-cum3-IP=.133.33	null	27.0	499.0	0.0	128.0	0.0	
T15-vHost01-cum3-IP=.133.31	null	23.0	199.0	0.0	128.0	0.0	
T15-vHost02-cum3-IP=.133.32	null	91.0	2299.0	0.0	60.0	0.0	
T15-vHost03-cum3-IP=.133.33	null	23.0	599.0	0.0	60.0	0.0	
T15-vHost01-cum3-IP=.133.31	null	32.0	199.0	0.0	60.0	0.0	
T15-vHost02-cum3-IP=.133.32	null	91.0	2299.0	0.0	60.0	0.0	
T15-vHost03-cum3-IP=.133.33	null	23.0	599.0	0.0	60.0	0.0	
T15-vHost01-cum3-IP=.133.31	null	32.0	199.0	0.0	60.0	0.0	
T15-vHost02-cum3-IP=.133.32	null	91.0	2299.0	0.0	60.0	0.0	
T15-vHost03-cum3-IP=.133.33	null	23.0	599.0	0.0	60.0	0.0	
T15-vHost01-cum3-IP=.133.31	null	32.0	199.0	0.0	60.0	0.0	
T15-vHost02-cum3-IP=.133.32	null	135.0	2500.0	0.0	324.0	0.0	
T15-vHost03-cum3-IP=.133.33	null	44.0	599.0	0.0	321.0	0.0	
T15-vHost01-cum3-IP=.133.31	null	41.0	199.0	0.0	321.0	0.0	
T15-vHost02-cum3-IP=.133.32	null	135.0	2500.0	0.0	324.0	0.0	
T15-vHost03-cum3-IP=.133.33	null	44.0	599.0	0.0	321.0	0.0	
T15-vHost01-cum3-IP=.133.31	null	41.0	199.0	0.0	321.0	0.0	
T15-vHost02-cum3-IP=.133.32	null	135.0	2500.0	0.0	324.0	0.0	
T15-vHost03-cum3-IP=.133.33	null	44.0	599.0	0.0	321.0	0.0	
T15-vHost01-cum3-IP=.133.31	null	41.0	199.0	0.0	321.0	0.0	
T15-vHost02-cum3-IP=.133.32	null	139.0	2500.0	0.0	129.0	0.0	
T15-vHost03-cum3-IP=.133.33	null	30.0	599.0	0.0	129.0	0.0	
T15-vHost01-cum3-IP=.133.31	null	22.0	299.0	0.0	129.0	0.0	
T15-vHost02-cum3-IP=.133.32	null	139.0	2500.0	0.0	129.0	0.0	
T15-vHost03-cum3-IP=.133.33	null	30.0	599.0	0.0	129.0	0.0	
T15-vHost01-cum3-IP=.133.31	null	22.0	299.0	0.0	129.0	0.0	
T15-vHost02-cum3-IP=.133.32	null	139.0	2500.0	0.0	129.0	0.0	
T15-vHost03-cum3-IP=.133.33	null	30.0	599.0	0.0	129.0	0.0	
T15-vHost01-cum3-IP=.133.31	null	22.0	299.0	0.0	129.0	0.0	
T15-vHost02-cum3-IP=.133.32	null	137.0	2500.0	0.0	185.0	0.0	
T15-vHost03-cum3-IP=.133.33	null	32.0	599.0	0.0	184.0	0.0	
T15-vHost01-cum3-IP=.133.31	null	30.0	299.0	0.0	184.0	0.0	
T15-vHost02-cum3-IP=.133.32	null	137.0	2500.0	0.0	185.0	0.0	
T15-vHost03-cum3-IP=.133.33	null	32.0	599.0	0.0	184.0	0.0	
T15-vHost01-cum3-IP=.133.31	null	30.0	299.0	0.0	184.0	0.0	
T15-vHost02-cum3-IP=.133.32	null	137.0	2500.0	0.0	185.0	0.0	
T15-vHost03-cum3-IP=.133.33	null	32.0	599.0	0.0	184.0	0.0	
T15-vHost01-cum3-IP=.133.31	null	30.0	299.0	0.0	184.0	0.0	
T15-vHost02-cum3-IP=.133.32	null	139.0	2599.0	0.0	184.0	0.0	
T15-vHost03-cum3-IP=.133.33	null	27.0	599.0	0.0	184.0	0.0	
T15-vHost01-cum3-IP=.133.31	null	19.0	499.0	0.0	184.0	0.0	
T15-vHost02-cum3-IP=.133.32	null	139.0	2599.0	0.0	184.0	0.0	
T15-vHost03-cum3-IP=.133.33	null	27.0	599.0	0.0	184.0	0.0	
T15-vHost01-cum3-IP=.133.31	null	19.0	499.0	0.0	184.0	0.0	
T15-vHost02-cum3-IP=.133.32	null	139.0	2599.0	0.0	184.0	0.0	
T15-vHost03-cum3-IP=.133.33	null	27.0	599.0	0.0	184.0	0.0	
T15-vHost01-cum3-IP=.133.31	null	19.0	499.0	0.0	184.0	0.0	
T15-vHost02-cum3-IP=.133.32	null	163.0	2599.0	0.0	204.0	0.0	
T15-vHost03-cum3-IP=.133.33	null	37.0	499.0	0.0	203.0	0.0	
T15-vHost01-cum3-IP=.133.31	null	36.0	499.0	0.0	203.0	0.0	
T15-vHost02-cum3-IP=.133.32	null	163.0	2599.0	0.0	204.0	0.0	
T15-vHost03-cum3-IP=.133.33	null	37.0	499.0	0.0	203.0	0.0	
T15-vHost01-cum3-IP=.133.31	null	36.0	499.0	0.0	203.0	0.0	
T15-vHost02-cum3-IP=.133.32	null	163.0	2599.0	0.0	204.0	0.0	
T15-vHost03-cum3-IP=.133.33	null	37.0	499.0	0.0	203.0	0.0	
T15-vHost01-cum3-IP=.133.31	null	36.0	499.0	0.0	203.0	0.0	
T15-vHost02-cum3-IP=.133.32	null	138.0	2500.0	0.0	115.0	0.0	
T15-vHost03-cum3-IP=.133.33	null	45.0	499.0	0.0	114.0	0.0	
T15-vHost01-cum3-IP=.133.31	null	19.0	699.0	0.0	114.0	0.0	
T15-vHost02-cum3-IP=.133.32	null	138.0	2500.0	0.0	115.0	0.0	
T15-vHost03-cum3-IP=.133.33	null	45.0	499.0	0.0	114.0	0.0	
T15-vHost01-cum3-IP=.133.31	null	19.0	699.0	0.0	114.0	0.0	
T15-vHost02-cum3-IP=.133.32	null	138.0	2500.0	0.0	115.0	0.0	
T15-vHost03-cum3-IP=.133.33	null	45.0	499.0	0.0	114.0	0.0	
T15-vHost01-cum3-IP=.133.31	null	19.0	699.0	0.0	114.0	0.0	
T15-vHost02-cum3-IP=.133.32	null	116.0	2500.0	0.0	63.0	0.0	
T15-vHost03-cum3-IP=.133.33	null	26.0	499.0	0.0	62.0	0.0	
T15-vHost01-cum3-IP=.133.31	null	23.0	699.0	0.0	62.0	0.0	
T15-vHost02-cum3-IP=.133.32	null	168.0	2799.0	0.0	38814.0	0.0	
T15-vHost03-cum3-IP=.133.33	null	82.0	499.0	0.0	45045.0	0.0	
T15-vHost01-cum3-IP=.133.31	null	69.0	599.0	0.0	34770.0	0.0	
T15-vHost02-cum3-IP=.133.32	null	197.0	2799.0	0.0	64977.0	0.0	
T15-vHost03-cum3-IP=.133.33	null	148.0	499.0	0.0	66464.0	0.0	
T15-vHost01-cum3-IP=.133.31	null	113.0	599.0	0.0	65337.0	0.0	
T15-vHost02-cum3_IP=.133.32	null	224.0	2699.0	0.0	60603.0	0.0	
T15-vHost03-cum3_IP=.133.33	null	85.0	699.0	0.0	63483.0	0.0	
T15-vHost01-cum3_IP=.133.31	null	127.0	499.0	0.0	69475.0	0.0	
T15-vHost02-cum3_IP=.133.32	null	185.0	2699.0	0.0	39117.0	0.0	
T15-vHost03-cum3_IP=.133.33	null	62.0	699.0	0.0	40852.0	0.0	
T15-vHost01-cum3_IP=.133.31	null	106.0	599.0	0.0	35296.0	0.0	
T15-vHost02-cum3_IP=.133.32	null	185.0	2699.0	0.0	39117.0	0.0	
T15-vHost03-cum3_IP=.133.33	null	62.0	699.0	0.0	40852.0	0.0	
T15-vHost01-cum3_IP=.133.31	null	106.0	599.0	0.0	35296.0	0.0	
T15-vHost02-cum3_IP=.133.32	null	185.0	2699.0	0.0	39117.0	0.0	
T15-vHost03-cum3_IP=.133.33	null	131.0	699.0	0.0	55529.0	0.0	
T15-vHost01-cum3_IP=.133.31	null	196.0	599.0	0.0	55333.0	0.0	
T15-vHost02-cum3_IP=.133.32	null	258.0	2699.0	0.0	53652.0	0.0	
T15-vHost02-cum3_IP=.133.32	null	267.0	2999.0	0.0	53418.0	0.0	
T15-vHost03-cum3_IP=.133.33	null	114.0	599.0	0.0	54433.0	0.0	
T15-vHost01-cum3_IP=.133.31	null	143.0	399.0	0.0	55188.0	0.0	
T15-vHost02-cum3_IP=.133.32	null	267.0	2999.0	0.0	53418.0	0.0	
T15-vHost03-cum3_IP=.133.33	null	114.0	599.0	0.0	54433.0	0.0	
T15-vHost01-cum3_IP=.133.31	null	143.0	399.0	0.0	55188.0	0.0	
T15-vHost02-cum3_IP=.133.32	null	303.0	2999.0	0.0	53968.0	0.0	
T15-vHost03-cum3_IP=.133.33	null	177.0	699.0	0.0	56548.0	0.0	
T15-vHost01-cum3_IP=.133.31	null	132.0	399.0	0.0	55524.0	0.0	
T15-vHost02-cum3_IP=.133.32	null	303.0	2999.0	0.0	53968.0	0.0	
T15-vHost03-cum3_IP=.133.33	null	177.0	699.0	0.0	56548.0	0.0	
T15-vHost01-cum3_IP=.133.31	null	132.0	399.0	0.0	55524.0	0.0	
T15-vHost02-cum3_IP=.133.32	null	303.0	2999.0	0.0	53968.0	0.0	
T15-vHost03-cum3_IP=.133.33	null	177.0	699.0	0.0	56548.0	0.0	
T15-vHost01-cum3_IP=.133.31	null	132.0	399.0	0.0	55524.0	0.0	
T15-vHost02-cum3_IP=.133.32	null	240.0	2999.0	0.0	47663.0	0.0	
T15-vHost03-cum3_IP=.133.33	null	132.0	699.0	0.0	47883.0	0.0	
T15-vHost01-cum3_IP=.133.31	null	100.0	399.0	0.0	41887.0	0.0	
T15-vHost02-cum3_IP=.133.32	null	240.0	2999.0	0.0	47663.0	0.0	
T15-vHost03-cum3_IP=.133.33	null	132.0	699.0	0.0	47883.0	0.0	
T15-vHost01-cum3_IP=.133.31	null	100.0	399.0	0.0	41887.0	0.0	
T15-vHost02-cum3_IP=.133.32	2014-11-27T22:30:20-0800	129.0	2599.0	0.0	189.0	0.0	
T15-vHost03-cum3_IP=.133.33	2014-11-27T22:30:20-0800	40.0	599.0	0.0	189.0	0.0	
T15-vHost01-cum3_IP=.133.31	2014-11-27T22:30:20-0800	35.0	199.0	0.0	189.0	0.0	
T15-vHost02-cum3_IP=.133.32	2014-11-27T22:30:40-0800	129.0	2599.0	0.0	189.0	0.0	
T15-vHost03-cum3_IP=.133.33	2014-11-27T22:30:40-0800	40.0	599.0	0.0	189.0	0.0	
T15-vHost01-cum3_IP=.133.31	2014-11-27T22:30:40-0800	35.0	199.0	0.0	189.0	0.0	
T15-vHost02-cum3_IP=.133.32	2014-11-27T22:30:40-0800	122.0	3299.0	0.0	150.0	0.0	
T15-vHost03-cum3_IP=.133.33	2014-11-27T22:30:40-0800	27.0	599.0	0.0	149.0	0.0	
T15-vHost01-cum3_IP=.133.31	2014-11-27T22:30:40-0800	30.0	199.0	0.0	149.0	0.0	
T15-vHost02-cum3_IP=.133.32	2014-11-27T22:30:40-0800	122.0	3299.0	0.0	150.0	0.0	
T15-vHost03-cum3_IP=.133.33	2014-11-27T22:30:40-0800	27.0	599.0	0.0	149.0	0.0	
T15-vHost01-cum3_IP=.133.31	2014-11-27T22:30:40-0800	30.0	199.0	0.0	149.0	0.0	
T15-vHost02-cum3_IP=.133.32	2014-11-27T22:31:00-0800	122.0	3299.0	0.0	150.0	0.0	
T15-vHost03-cum3_IP=.133.33	2014-11-27T22:31:00-0800	27.0	599.0	0.0	149.0	0.0	
T15-vHost01-cum3_IP=.133.31	2014-11-27T22:31:00-0800	30.0	199.0	0.0	149.0	0.0	
T15-vHost02-cum3_IP=.133.32	2014-11-27T22:31:00-0800	161.0	3299.0	0.0	62.0	0.0	
T15-vHost03-cum3_IP=.133.33	2014-11-27T22:31:00-0800	24.0	699.0	0.0	61.0	0.0	
T15-vHost01-cum3_IP=.133.31	2014-11-27T22:31:00-0800	25.0	199.0	0.0	61.0	0.0	
T15-vHost02-cum3_IP=.133.32	2014-11-27T22:31:00-0800	161.0	3299.0	0.0	62.0	0.0	
T15-vHost03-cum3_IP=.133.33	2014-11-27T22:31:00-0800	24.0	699.0	0.0	61.0	0.0	
T15-vHost01-cum3_IP=.133.31	2014-11-27T22:31:00-0800	25.0	199.0	0.0	61.0	0.0	
T15-vHost02-cum3_IP=.133.32	2014-11-27T22:31:20-0800	161.0	3299.0	0.0	62.0	0.0	
T15-vHost03-cum3_IP=.133.33	2014-11-27T22:31:20-0800	24.0	699.0	0.0	61.0	0.0	
T15-vHost01-cum3_IP=.133.31	2014-11-27T22:31:20-0800	25.0	199.0	0.0	61.0	0.0	
T15-vHost02-cum3_IP=.133.32	2014-11-27T22:31:20-0800	140.0	3299.0	0.0	183.0	0.0	
T15-vHost03-cum3_IP=.133.33	2014-11-27T22:31:20-0800	39.0	699.0	0.0	183.0	0.0	
T15-vHost01-cum3_IP=.133.31	2014-11-27T22:31:20-0800	36.0	199.0	0.0	183.0	0.0	
T15-vHost02-cum3_IP=.133.32	2014-11-27T22:31:20-0800	140.0	3299.0	0.0	183.0	0.0	
T15-vHost03-cum3_IP=.133.33	2014-11-27T22:31:20-0800	39.0	699.0	0.0	183.0	0.0	
T15-vHost01-cum3_IP=.133.31	2014-11-27T22:31:20-0800	36.0	199.0	0.0	183.0	0.0	
T15-vHost02-cum3_IP=.133.32	2014-11-27T22:31:40-0800	140.0	3299.0	0.0	183.0	0.0	
T15-vHost03-cum3_IP=.133.33	2014-11-27T22:31:40-0800	39.0	699.0	0.0	183.0	0.0	
T15-vHost01-cum3_IP=.133.31	2014-11-27T22:31:40-0800	36.0	199.0	0.0	183.0	0.0	
T15-vHost02-cum3_IP=.133.32	2014-11-27T22:31:40-0800	140.0	3299.0	0.0	138.0	0.0	
T15-vHost03-cum3_IP=.133.33	2014-11-27T22:31:40-0800	33.0	699.0	0.0	137.0	0.0	
T15-vHost01-cum3_IP=.133.31	2014-11-27T22:31:40-0800	19.0	199.0	0.0	137.0	0.0	
T15-vHost02-cum3_IP=.133.32	2014-11-27T22:32:00-0800	140.0	3299.0	0.0	138.0	0.0	
T15-vHost03-cum3_IP=.133.33	2014-11-27T22:32:00-0800	33.0	699.0	0.0	137.0	0.0	
T15-vHost01-cum3_IP=.133.31	2014-11-27T22:32:00-0800	19.0	199.0	0.0	137.0	0.0	
T15-vHost02-cum3_IP=.133.32	2014-11-27T22:32:00-0800	140.0	3299.0	0.0	138.0	0.0	
T15-vHost03-cum3_IP=.133.33	2014-11-27T22:32:00-0800	33.0	699.0	0.0	137.0	0.0	
T15-vHost01-cum3_IP=.133.31	2014-11-27T22:32:00-0800	19.0	199.0	0.0	137.0	0.0	
T15-vHost02-cum3_IP=.133.32	2014-11-27T22:32:00-0800	147.0	2599.0	0.0	62.0	0.0	
T15-vHost03-cum3_IP=.133.33	2014-11-27T22:32:00-0800	32.0	699.0	0.0	60.0	0.0	
T15-vHost01-cum3_IP=.133.31	2014-11-27T22:32:00-0800	29.0	199.0	0.0	60.0	0.0	
T15-vHost02-cum3_IP=.133.32	2014-11-27T22:32:00-0800	147.0	2599.0	0.0	62.0	0.0	
T15-vHost03-cum3_IP=.133.33	2014-11-27T22:32:20-0800	32.0	699.0	0.0	60.0	0.0	
T15-vHost01-cum3_IP=.133.31	2014-11-27T22:32:20-0800	29.0	199.0	0.0	60.0	0.0	
T15-vHost02-cum3_IP=.133.32	2014-11-27T22:32:20-0800	147.0	2599.0	0.0	62.0	0.0	
T15-vHost03-cum3_IP=.133.33	2014-11-27T22:32:20-0800	32.0	699.0	0.0	60.0	0.0	
T15-vHost01-cum3_IP=.133.31	2014-11-27T22:32:20-0800	29.0	199.0	0.0	60.0	0.0	
T15-vHost02-cum3_IP=.133.32	2014-11-27T22:32:20-0800	120.0	2599.0	0.0	183.0	0.0	
T15-vHost03-cum3_IP=.133.33	2014-11-27T22:32:20-0800	38.0	799.0	0.0	183.0	0.0	
T15-vHost01-cum3_IP=.133.31	2014-11-27T22:32:20-0800	39.0	199.0	0.0	183.0	0.0	
T15-vHost02-cum3_IP=.133.32	2014-11-27T22:32:20-0800	120.0	2599.0	0.0	183.0	0.0	
T15-vHost03-cum3_IP=.133.33	2014-11-27T22:32:20-0800	38.0	799.0	0.0	183.0	0.0	
T15-vHost01-cum3_IP=.133.31	2014-11-27T22:32:40-0800	39.0	199.0	0.0	183.0	0.0	
T15-vHost02-cum3_IP=.133.32	2014-11-27T22:32:40-0800	120.0	2599.0	0.0	183.0	0.0	
T15-vHost03-cum3_IP=.133.33	2014-11-27T22:32:40-0800	38.0	799.0	0.0	183.0	0.0	
T15-vHost01-cum3_IP=.133.31	2014-11-27T22:32:40-0800	39.0	199.0	0.0	183.0	0.0	
T15-vHost02-cum3_IP=.133.32	2014-11-27T22:32:40-0800	143.0	2599.0	0.0	158.0	0.0	
T15-vHost03-cum3_IP=.133.33	2014-11-27T22:32:40-0800	30.0	799.0	0.0	157.0	0.0	
T15-vHost01-cum3_IP=.133.31	2014-11-27T22:32:40-0800	35.0	299.0	0.0	157.0	0.0	
T15-vHost02-cum3_IP=.133.32	2014-11-27T22:32:40-0800	143.0	2599.0	0.0	158.0	0.0	
T15-vHost03-cum3_IP=.133.33	2014-11-27T22:32:40-0800	30.0	799.0	0.0	157.0	0.0	
T15-vHost01-cum3_IP=.133.31	2014-11-27T22:33:00-0800	35.0	299.0	0.0	157.0	0.0	
T15-vHost02-cum3_IP=.133.32	2014-11-27T22:33:00-0800	143.0	2599.0	0.0	158.0	0.0	
T15-vHost03-cum3_IP=.133.33	2014-11-27T22:33:00-0800	30.0	799.0	0.0	157.0	0.0	
T15-vHost01-cum3_IP=.133.31	2014-11-27T22:33:00-0800	35.0	299.0	0.0	157.0	0.0	
T15-vHost02-cum3_IP=.133.32	2014-11-27T22:33:00-0800	160.0	2500.0	0.0	151.0	0.0	
T15-vHost03-cum3_IP=.133.33	2014-11-27T22:33:00-0800	31.0	799.0	0.0	150.0	0.0	
T15-vHost01-cum3_IP=.133.31	2014-11-27T22:33:00-0800	31.0	299.0	0.0	150.0	0.0	
T15-vHost02-cum3_IP=.133.32	2014-11-27T22:33:00-0800	160.0	2500.0	0.0	151.0	0.0	
T15-vHost03-cum3_IP=.133.33	2014-11-27T22:33:00-0800	31.0	799.0	0.0	150.0	0.0	
T15-vHost01-cum3_IP=.133.31	2014-11-27T22:33:00-0800	31.0	299.0	0.0	150.0	0.0	
T15-vHost02-cum3_IP=.133.32	2014-11-27T22:33:20-0800	127.0	2500.0	0.0	200.0	0.0	
T15-vHost03-cum3_IP=.133.33	2014-11-27T22:33:20-0800	37.0	399.0	0.0	200.0	0.0	
T15-vHost01-cum3_IP=.133.31	2014-11-27T22:33:20-0800	55.0	299.0	0.0	200.0	0.0	
T15-vHost02-cum3_IP=.133.32	2014-11-27T22:33:20-0800	127.0	2500.0	0.0	200.0	0.0	
T15-vHost03-cum3_IP=.133.33	2014-11-27T22:33:40-0800	37.0	399.0	0.0	200.0	0.0	
T15-vHost01-cum3_IP=.133.31	2014-11-27T22:33:40-0800	55.0	299.0	0.0	200.0	0.0	
T15-vHost02-cum3_IP=.133.32	2014-11-27T22:33:40-0800	127.0	2500.0	0.0	200.0	0.0	
T15-vHost03-cum3_IP=.133.33	2014-11-27T22:33:40-0800	37.0	399.0	0.0	200.0	0.0	
T15-vHost01-cum3_IP=.133.31	2014-11-27T22:33:40-0800	25.0	299.0	0.0	149.0	0.0	
T15-vHost02-cum3_IP=.133.32	2014-11-27T22:33:40-0800	136.0	2500.0	0.0	149.0	0.0	
T15-vHost03-cum3_IP=.133.33	2014-11-27T22:33:40-0800	28.0	399.0	0.0	149.0	0.0	
T15-vHost01-cum3_IP=.133.31	2014-11-27T22:33:40-0800	25.0	299.0	0.0	149.0	0.0	
T15-vHost02-cum3_IP=.133.32	2014-11-27T22:34:00-0800	136.0	2500.0	0.0	149.0	0.0	
T15-vHost03-cum3_IP=.133.33	2014-11-27T22:34:00-0800	28.0	399.0	0.0	149.0	0.0	
T15-vHost01-cum3_IP=.133.31	2014-11-27T22:34:00-0800	25.0	299.0	0.0	149.0	0.0	
T15-vHost02-cum3_IP=.133.32	2014-11-27T22:34:00-0800	136.0	2500.0	0.0	149.0	0.0	
T15-vHost03-cum3_IP=.133.33	2014-11-27T22:34:00-0800	28.0	399.0	0.0	149.0	0.0	
T15-vHost01-cum3_IP=.133.31	2014-11-27T22:34:00-0800	26.0	199.0	0.0	59.0	0.0	
T15-vHost02-cum3_IP=.133.32	2014-11-27T22:34:00-0800	136.0	2299.0	0.0	59.0	0.0	
T15-vHost03-cum3_IP=.133.33	2014-11-27T22:34:00-0800	31.0	399.0	0.0	59.0	0.0	
T15-vHost01-cum3_IP=.133.31	2014-11-27T22:34:00-0800	26.0	199.0	0.0	59.0	0.0	
T15-vHost02-cum3_IP=.133.32	2014-11-27T22:34:20-0800	136.0	2299.0	0.0	59.0	0.0	
T15-vHost03-cum3_IP=.133.33	2014-11-27T22:34:20-0800	31.0	399.0	0.0	59.0	0.0	
T15-vHost01-cum3_IP=.133.31	2014-11-27T22:34:20-0800	26.0	199.0	0.0	59.0	0.0	
T15-vHost02-cum3_IP=.133.32	2014-11-27T22:34:20-0800	124.0	2299.0	0.0	185.0	0.0	
T15-vHost03-cum3_IP=.133.33	2014-11-27T22:34:20-0800	51.0	799.0	0.0	184.0	0.0	
T15-vHost01-cum3_IP=.133.31	2014-11-27T22:34:20-0800	43.0	199.0	0.0	185.0	0.0	
T15-vHost02-cum3_IP=.133.32	2014-11-27T22:34:20-0800	124.0	2299.0	0.0	185.0	0.0	
T15-vHost03-cum3_IP=.133.33	2014-11-27T22:34:20-0800	51.0	799.0	0.0	184.0	0.0	
T15-vHost01-cum3_IP=.133.31	2014-11-27T22:34:20-0800	43.0	199.0	0.0	185.0	0.0	
T15-vHost02-cum3_IP=.133.32	2014-11-27T22:34:40-0800	124.0	2299.0	0.0	185.0	0.0	
T15-vHost03-cum3_IP=.133.33	2014-11-27T22:34:40-0800	51.0	799.0	0.0	184.0	0.0	
T15-vHost01-cum3_IP=.133.31	2014-11-27T22:34:40-0800	43.0	199.0	0.0	185.0	0.0	
T15-vHost02-cum3_IP=.133.32	2014-11-27T22:34:40-0800	120.0	2299.0	0.0	140.0	0.0	
T15-vHost03-cum3_IP=.133.33	2014-11-27T22:34:40-0800	27.0	799.0	0.0	140.0	0.0	
T15-vHost01-cum3_IP=.133.31	2014-11-27T22:34:40-0800	27.0	299.0	0.0	140.0	0.0	
T15-vHost02-cum3_IP=.133.32	2014-11-27T22:35:00-0800	120.0	2299.0	0.0	140.0	0.0	
T15-vHost03-cum3_IP=.133.33	2014-11-27T22:35:00-0800	27.0	799.0	0.0	140.0	0.0	
T15-vHost01-cum3_IP=.133.31	2014-11-27T22:35:00-0800	27.0	299.0	0.0	140.0	0.0	
T15-vHost02-cum3_IP=.133.32	2014-11-27T22:35:00-0800	142.0	2999.0	0.0	60.0	0.0	
T15-vHost03-cum3_IP=.133.33	2014-11-27T22:35:00-0800	21.0	799.0	0.0	60.0	0.0	
T15-vHost01-cum3_IP=.133.31	2014-11-27T22:35:00-0800	31.0	399.0	0.0	60.0	0.0	
T15-vHost02-cum3_IP=.133.32	2014-11-27T22:35:00-0800	142.0	2999.0	0.0	60.0	0.0	
T15-vHost03-cum3_IP=.133.33	2014-11-27T22:35:00-0800	21.0	799.0	0.0	60.0	0.0	
T15-vHost01-cum3_IP=.133.31	2014-11-27T22:35:00-0800	31.0	399.0	0.0	60.0	0.0	
T15-vHost02-cum3_IP=.133.32	2014-11-27T22:35:20-0800	142.0	2999.0	0.0	60.0	0.0	
T15-vHost03-cum3_IP=.133.33	2014-11-27T22:35:20-0800	21.0	799.0	0.0	60.0	0.0	
T15-vHost01-cum3_IP=.133.31	2014-11-27T22:35:20-0800	31.0	399.0	0.0	60.0	0.0	
T15-vHost02-cum3_IP=.133.32	2014-11-27T22:35:20-0800	144.0	2999.0	0.0	193.0	0.0	
T15-vHost03-cum3_IP=.133.33	2014-11-27T22:35:20-0800	44.0	799.0	0.0	190.0	0.0	
T15-vHost01-cum3_IP=.133.31	2014-11-27T22:35:20-0800	51.0	399.0	0.0	190.0	0.0	
T15-vHost02-cum3_IP=.133.32	2014-11-27T22:35:20-0800	144.0	2999.0	0.0	193.0	0.0	
T15-vHost03-cum3_IP=.133.33	2014-11-27T22:35:20-0800	44.0	799.0	0.0	190.0	0.0	
T15-vHost01-cum3_IP=.133.31	2014-11-27T22:35:20-0800	51.0	399.0	0.0	190.0	0.0	
T15-vHost02-cum3_IP=.133.32	2014-11-27T22:35:40-0800	144.0	2999.0	0.0	193.0	0.0	
T15-vHost03-cum3_IP=.133.33	2014-11-27T22:35:40-0800	44.0	799.0	0.0	190.0	0.0	
T15-vHost01-cum3_IP=.133.31	2014-11-27T22:35:40-0800	51.0	399.0	0.0	190.0	0.0	
T15-vHost02-cum3_IP=.133.32	2014-11-27T22:35:40-0800	120.0	2999.0	0.0	142.0	0.0	
T15-vHost03-cum3_IP=.133.33	2014-11-27T22:35:40-0800	29.0	799.0	0.0	142.0	0.0	
T15-vHost01-cum3_ODD_IP=.133.31	2014-11-27T22:35:40-0800	20.0	399.0	0.0	142.0	0.0	
T15-vHost02-cum3_IP=.133.32	2014-11-27T22:35:40-0800	120.0	2999.0	0.0	142.0	0.0	
T15-vHost03-cum3_IP=.133.33	2014-11-27T22:35:40-0800	29.0	799.0	0.0	142.0	0.0	
T15-vHost01-cum3_ODD_IP=.133.31	2014-11-27T22:35:40-0800	20.0	399.0	0.0	142.0	0.0	
T15-vHost02-cum3_IP=.133.32	2014-11-27T22:36:00-0800	120.0	2999.0	0.0	142.0	0.0	
T15-vHost03-cum3_IP=.133.33	2014-11-27T22:36:00-0800	29.0	799.0	0.0	142.0	0.0	
T15-vHost01-cum3_ODD_IP=.133.31	2014-11-27T22:36:00-0800	20.0	399.0	0.0	142.0	0.0	
T15-vHost02-cum3_IP=.133.32	2014-11-27T22:36:00-0800	144.0	2599.0	0.0	84.0	0.0	
T15-vHost03-cum3_IP=.133.33	2014-11-27T22:36:00-0800	25.0	799.0	0.0	82.0	0.0	
T15-vHost01-cum3_ODD_IP=.133.31	2014-11-27T22:36:00-0800	33.0	399.0	0.0	82.0	0.0	
T15-vHost02-cum3_IP=.133.32	2014-11-27T22:36:00-0800	144.0	2599.0	0.0	84.0	0.0	
T15-vHost03-cum3_IP=.133.33	2014-11-27T22:36:00-0800	25.0	799.0	0.0	82.0	0.0	
T15-vHost01-cum3_ODD_IP=.133.31	2014-11-27T22:36:00-0800	33.0	399.0	0.0	82.0	0.0	
T15-vHost02-cum3_IP=.133.32	2014-11-27T22:36:20-0800	133.0	2599.0	0.0	6953.0	0.0	
T15-vHost03-cum3_IP=.133.33	2014-11-27T22:36:20-0800	62.0	499.0	0.0	7830.0	0.0	
T15-vHost01-cum3_ODD_IP=.133.31	2014-11-27T22:36:20-0800	37.0	399.0	0.0	6589.0	0.0	
T15-vHost02-cum3_IP=.133.32	2014-11-27T22:36:40-0800	133.0	2599.0	0.0	6953.0	0.0	
T15-vHost03-cum3_IP=.133.33	2014-11-27T22:36:40-0800	54.0	499.0	0.0	11301.0	0.0	
T15-vHost01-cum3_ODD_IP=.133.31	2014-11-27T22:36:40-0800	47.0	399.0	0.0	9059.0	0.0	
T15-vHost02-cum3_IP=.133.32	2014-11-27T22:36:40-0800	153.0	2599.0	0.0	9640.0	0.0	
T15-vHost03-cum3_IP=.133.33	2014-11-27T22:36:40-0800	54.0	499.0	0.0	11301.0	0.0	
T15-vHost01-cum3_ODD_IP=.133.31	2014-11-27T22:36:40-0800	47.0	399.0	0.0	9059.0	0.0	
T15-vHost02-cum3_IP=.133.32	2014-11-27T22:37:00-0800	153.0	2599.0	0.0	9640.0	0.0	
T15-vHost03-cum3_IP=.133.33	2014-11-27T22:37:00-0800	54.0	499.0	0.0	11301.0	0.0	
T15-vHost01-cum3_ODD_IP=.133.31	2014-11-27T22:37:00-0800	47.0	399.0	0.0	9059.0	0.0	
T15-vHost02-cum3_IP=.133.32	2014-11-27T22:37:00-0800	193.0	2599.0	0.0	34730.0	0.0	
T15-vHost03-cum3_IP=.133.33	2014-11-27T22:37:00-0800	73.0	499.0	0.0	34397.0	0.0	
T15-vHost01-cum3_ODD_IP=.133.31	2014-11-27T22:37:00-0800	41.0	399.0	0.0	19364.0	0.0	
T15-vHost02-cum3_IP=.133.32	2014-11-27T22:37:00-0800	193.0	2599.0	0.0	34730.0	0.0	
T15-vHost03-cum3_IP=.133.33	2014-11-27T22:37:00-0800	73.0	499.0	0.0	34397.0	0.0	
T15-vHost01-cum3_ODD_IP=.133.31	2014-11-27T22:37:00-0800	41.0	399.0	0.0	19364.0	0.0	
T15-vHost02-cum3_IP=.133.32	2014-11-27T22:37:20-0800	193.0	2599.0	0.0	34730.0	0.0	
T15-vHost03-cum3_IP=.133.33	2014-11-27T22:37:20-0800	73.0	499.0	0.0	34397.0	0.0	
T15-vHost01-cum3_ODD_IP=.133.31	2014-11-27T22:37:20-0800	41.0	399.0	0.0	19364.0	0.0	
T15-vHost02-cum3_IP=.133.32	2014-11-27T22:37:20-0800	83.0	2599.0	0.0	16910.0	0.0	
T15-vHost03-cum3_IP=.133.33	2014-11-27T22:37:20-0800	55.0	399.0	0.0	16844.0	0.0	
T15-vHost01-cum3_ODD_IP=.133.31	2014-11-27T22:37:20-0800	37.0	399.0	0.0	12742.0	0.0	
T15-vHost02-cum3_IP=.133.32	2014-11-27T22:37:20-0800	83.0	2599.0	0.0	16910.0	0.0	
T15-vHost03-cum3_IP=.133.33	2014-11-27T22:37:20-0800	55.0	399.0	0.0	16844.0	0.0	
T15-vHost01-cum3_ODD_IP=.133.31	2014-11-27T22:37:20-0800	37.0	399.0	0.0	12742.0	0.0	
T15-vHost02-cum3_IP=.133.32	2014-11-27T22:37:40-0800	83.0	2599.0	0.0	16910.0	0.0	
T15-vHost03-cum3_IP=.133.33	2014-11-27T22:37:40-0800	55.0	399.0	0.0	16844.0	0.0	
T15-vHost01-cum3_ODD_IP=.133.31	2014-11-27T22:37:40-0800	37.0	399.0	0.0	12742.0	0.0	
T15-vHost02-cum3_IP=.133.32	2014-11-27T22:37:40-0800	91.0	2500.0	0.0	19722.0	0.0	
T15-vHost03-cum3_IP=.133.33	2014-11-27T22:37:40-0800	54.0	399.0	0.0	24731.0	0.0	
T15-vHost01-cum3_ODD_IP=.133.31	2014-11-27T22:37:40-0800	32.0	399.0	0.0	14898.0	0.0	
T15-vHost02-cum3_IP=.133.32	2014-11-27T22:37:40-0800	91.0	2500.0	0.0	19722.0	0.0	
T15-vHost03-cum3_IP=.133.33	2014-11-27T22:37:40-0800	54.0	399.0	0.0	24731.0	0.0	
T15-vHost01-cum3_ODD_IP=.133.31	2014-11-27T22:37:40-0800	32.0	399.0	0.0	14898.0	0.0	
T15-vHost02-cum3_IP=.133.32	2014-11-27T22:38:00-0800	91.0	2500.0	0.0	19722.0	0.0	
T15-vHost03-cum3_IP=.133.33	2014-11-27T22:38:00-0800	54.0	399.0	0.0	24731.0	0.0	
T15-vHost01-cum3_ODD_IP=.133.31	2014-11-27T22:38:00-0800	32.0	399.0	0.0	14898.0	0.0	
T15-vHost02-cum3_IP=.133.32	2014-11-27T22:38:00-0800	114.0	2500.0	0.0	25523.0	0.0	
T15-vHost03-cum3_IP=.133.33	2014-11-27T22:38:00-0800	63.0	399.0	0.0	30254.0	0.0	
T15-vHost01-cum3_ODD_IP=.133.31	2014-11-27T22:38:00-0800	32.0	399.0	0.0	20595.0	0.0	
T15-vHost02-cum3_IP=.133.32	2014-11-27T22:38:00-0800	114.0	2500.0	0.0	25523.0	0.0	
T15-vHost03-cum3_IP=.133.33	2014-11-27T22:38:00-0800	63.0	399.0	0.0	30254.0	0.0	
T15-vHost01-cum3_ODD_IP=.133.31	2014-11-27T22:38:20-0800	32.0	399.0	0.0	20595.0	0.0	
T15-vHost02-cum3_IP=.133.32	2014-11-27T22:38:20-0800	114.0	2500.0	0.0	25523.0	0.0	
T15-vHost03-cum3_IP=.133.33	2014-11-27T22:38:20-0800	63.0	399.0	0.0	30254.0	0.0	
T15-vHost01-cum3_ODD_IP=.133.31	2014-11-27T22:38:20-0800	32.0	399.0	0.0	20595.0	0.0	
T15-vHost02-cum3_IP=.133.32	2014-11-27T22:38:20-0800	91.0	2500.0	0.0	17296.0	0.0	
T15-vHost03-cum3_IP=.133.33	2014-11-27T22:38:20-0800	54.0	399.0	0.0	20484.0	0.0	
T15-vHost01-cum3_ODD_IP=.133.31	2014-11-27T22:38:20-0800	19.0	399.0	0.0	11464.0	0.0	
T15-vHost02-cum3_IP=.133.32	2014-11-27T22:38:40-0800	91.0	2500.0	0.0	17296.0	0.0	
T15-vHost03-cum3_IP=.133.33	2014-11-27T22:38:40-0800	54.0	399.0	0.0	20484.0	0.0	
T15-vHost01-cum3_ODD_IP=.133.31	2014-11-27T22:38:40-0800	19.0	399.0	0.0	11464.0	0.0	
T15-vHost02-cum3_IP=.133.32	2014-11-27T22:38:40-0800	158.0	2500.0	0.0	47966.0	0.0	
T15-vHost03-cum3_IP=.133.33	2014-11-27T22:38:40-0800	154.0	499.0	0.0	49399.0	0.0	
T15-vHost01-cum3_ODD_IP=.133.31	2014-11-27T22:38:40-0800	98.0	399.0	0.0	41069.0	0.0	
T15-vHost02-cum3_IP=.133.32	2014-11-27T22:38:40-0800	158.0	2500.0	0.0	47966.0	0.0	
T15-vHost03-cum3_IP=.133.33	2014-11-27T22:39:00-0800	154.0	499.0	0.0	49399.0	0.0	
T15-vHost01-cum3_ODD_IP=.133.31	2014-11-27T22:39:00-0800	98.0	399.0	0.0	41069.0	0.0	
T15-vHost02-cum3_IP=.133.32	2014-11-27T22:39:00-0800	158.0	2500.0	0.0	47966.0	0.0	
T15-vHost03-cum3_IP=.133.33	2014-11-27T22:39:00-0800	154.0	499.0	0.0	49399.0	0.0	
T15-vHost01-cum3_ODD_IP=.133.31	2014-11-27T22:39:00-0800	98.0	399.0	0.0	41069.0	0.0	
T15-vHost02-cum3_IP=.133.32	2014-11-27T22:39:00-0800	199.0	2500.0	0.0	36924.0	0.0	
T15-vHost03-cum3_IP=.133.33	2014-11-27T22:39:00-0800	73.0	499.0	0.0	36319.0	0.0	
T15-vHost01-cum3_ODD_IP=.133.31	2014-11-27T22:39:00-0800	41.0	399.0	0.0	23995.0	0.0	
T15-vHost02-cum3_IP=.133.32	2014-11-27T22:39:00-0800	199.0	2500.0	0.0	36924.0	0.0	
T15-vHost03-cum3_IP=.133.33	2014-11-27T22:39:20-0800	73.0	499.0	0.0	36319.0	0.0	
T15-vHost01-cum3_ODD_IP=.133.31	2014-11-27T22:39:20-0800	41.0	399.0	0.0	23995.0	0.0	
T15-vHost02-cum3_IP=.133.32	2014-11-27T22:39:20-0800	199.0	2500.0	0.0	36924.0	0.0	
T15-vHost03-cum3_IP=.133.33	2014-11-27T22:39:20-0800	73.0	499.0	0.0	36319.0	0.0	
T15-vHost01-cum3_ODD_IP=.133.31	2014-11-27T22:39:20-0800	41.0	399.0	0.0	23995.0	0.0	
T15-vHost02-cum3_IP=.133.32	2014-11-27T22:39:20-0800	91.0	2500.0	0.0	21321.0	0.0	
T15-vHost03-cum3_IP=.133.33	2014-11-27T22:39:20-0800	48.0	499.0	0.0	22848.0	0.0	
T15-vHost01-cum3_ODD_IP=.133.31	2014-11-27T22:39:20-0800	28.0	399.0	0.0	12336.0	0.0	
T15-vHost02-cum3_IP=.133.32	2014-11-27T22:39:40-0800	91.0	2500.0	0.0	21321.0	0.0	
T15-vHost03-cum3_IP=.133.33	2014-11-27T22:39:40-0800	48.0	499.0	0.0	22848.0	0.0	
T15-vHost01-cum3_ODD_IP=.133.31	2014-11-27T22:39:40-0800	28.0	399.0	0.0	12336.0	0.0	
T15-vHost02-cum3_IP=.133.32	2014-11-27T22:39:40-0800	91.0	2500.0	0.0	21321.0	0.0	
T15-vHost03-cum3_IP=.133.33	2014-11-27T22:39:40-0800	48.0	499.0	0.0	22848.0	0.0	
T15-vHost01-cum3_ODD_IP=.133.31	2014-11-27T22:39:40-0800	28.0	399.0	0.0	12336.0	0.0	
T15-vHost02-cum3_IP=.133.32	2014-11-27T22:39:40-0800	148.0	2500.0	0.0	32144.0	0.0	
T15-vHost03-cum3_IP=.133.33	2014-11-27T22:39:40-0800	108.0	499.0	0.0	35787.0	0.0	
T15-vHost01-cum3_ODD_IP=.133.31	2014-11-27T22:39:40-0800	61.0	399.0	0.0	20765.0	0.0	
T15-vHost02-cum3_IP=.133.32	2014-11-27T22:40:00-0800	148.0	2500.0	0.0	32144.0	0.0	
T15-vHost03-cum3_IP=.133.33	2014-11-27T22:40:00-0800	108.0	499.0	0.0	35787.0	0.0	
T15-vHost01-cum3_ODD_IP=.133.31	2014-11-27T22:40:00-0800	61.0	399.0	0.0	20765.0	0.0	
T15-vHost02-cum3_IP=.133.32	2014-11-27T22:40:00-0800	148.0	2500.0	0.0	32144.0	0.0	
T15-vHost03-cum3_IP=.133.33	2014-11-27T22:40:00-0800	108.0	499.0	0.0	35787.0	0.0	
T15-vHost01-cum3_ODD_IP=.133.31	2014-11-27T22:40:00-0800	61.0	399.0	0.0	20765.0	0.0	
T15-vHost02-cum3_IP=.133.32	2014-11-27T22:40:00-0800	227.0	2999.0	0.0	39717.0	0.0	
T15-vHost03-cum3_IP=.133.33	2014-11-27T22:40:00-0800	134.0	599.0	0.0	42676.0	0.0	
T15-vHost01-cum3_ODD_IP=.133.31	2014-11-27T22:40:00-0800	73.0	499.0	0.0	26582.0	0.0	
T15-vHost02-cum3_ODD_IP=.133.32	2014-12-05T16:07:20-0800	115.0	1499.0	0.0	120.0	0.0	
T15-vHost01-cum3_ODD_IP=.133.31	2014-12-05T16:07:20-0800	86.0	899.0	0.0	112.0	0.0	
T15-vHost03-cum3_ODD_IP=.133.33	2014-12-05T16:07:20-0800	25.0	399.0	0.0	110.0	0.0	
T15-vHost02-cum3_ODD_IP=.133.32	2014-12-05T16:07:20-0800	115.0	1499.0	0.0	120.0	0.0	
T15-vHost01-cum3_ODD_IP=.133.31	2014-12-05T16:07:20-0800	86.0	899.0	0.0	112.0	0.0	
T15-vHost03-cum3_ODD_IP=.133.33	2014-12-05T16:07:20-0800	25.0	399.0	0.0	110.0	0.0	
T15-vHost02-cum3_ODD_IP=.133.32	2014-12-05T16:07:20-0800	115.0	1499.0	0.0	120.0	0.0	
T15-vHost01-cum3_ODD_IP=.133.31	2014-12-05T16:07:20-0800	86.0	899.0	0.0	112.0	0.0	
T15-vHost03-cum3_ODD_IP=.133.33	2014-12-05T16:07:20-0800	25.0	399.0	0.0	110.0	0.0	
T15-vHost02-cum3_ODD_IP=.133.32	2014-12-05T16:07:40-0800	158.0	1699.0	0.0	143.0	0.0	
T15-vHost01-cum3_ODD_IP=.133.31	2014-12-05T16:07:40-0800	94.0	1299.0	0.0	141.0	0.0	
T15-vHost03-cum3_ODD_IP=.133.33	2014-12-05T16:07:40-0800	43.0	399.0	0.0	135.0	0.0	
T15-vHost02-cum3_ODD_IP=.133.32	2014-12-05T16:07:40-0800	158.0	1699.0	0.0	143.0	0.0	
T15-vHost01-cum3_ODD_IP=.133.31	2014-12-05T16:07:40-0800	94.0	1299.0	0.0	141.0	0.0	
T15-vHost03-cum3_ODD_IP=.133.33	2014-12-05T16:07:40-0800	43.0	399.0	0.0	135.0	0.0	
T15-vHost02-cum3_ODD_IP=.133.32	2014-12-05T16:07:40-0800	158.0	1699.0	0.0	143.0	0.0	
T15-vHost01-cum3_ODD_IP=.133.31	2014-12-05T16:07:40-0800	94.0	1299.0	0.0	141.0	0.0	
T15-vHost03-cum3_ODD_IP=.133.33	2014-12-05T16:07:40-0800	43.0	399.0	0.0	135.0	0.0	
T15-vHost02-cum3_ODD_IP=.133.32	2014-12-05T16:08:00-0800	152.0	1699.0	0.0	442.0	0.0	
T15-vHost01-cum3_ODD_IP=.133.31	2014-12-05T16:08:00-0800	98.0	1299.0	0.0	436.0	0.0	
T15-vHost03-cum3_ODD_IP=.133.33	2014-12-05T16:08:00-0800	46.0	399.0	0.0	434.0	0.0	
T15-vHost02-cum3_ODD_IP=.133.32	2014-12-05T16:08:00-0800	152.0	1699.0	0.0	442.0	0.0	
T15-vHost01-cum3_ODD_IP=.133.31	2014-12-05T16:08:00-0800	98.0	1299.0	0.0	436.0	0.0	
T15-vHost03-cum3_ODD_IP=.133.33	2014-12-05T16:08:00-0800	46.0	399.0	0.0	434.0	0.0	
T15-vHost02-cum3_ODD_IP=.133.32	2014-12-05T16:08:00-0800	152.0	1699.0	0.0	442.0	0.0	
T15-vHost01-cum3_ODD_IP=.133.31	2014-12-05T16:08:00-0800	98.0	1299.0	0.0	436.0	0.0	
T15-vHost03-cum3_ODD_IP=.133.33	2014-12-05T16:08:00-0800	46.0	399.0	0.0	434.0	0.0	
T15-vHost02-cum3_ODD_IP=.133.32	2014-12-05T16:08:20-0800	140.0	1699.0	0.0	207.0	0.0	
T15-vHost01-cum3_ODD_IP=.133.31	2014-12-05T16:08:20-0800	98.0	1299.0	0.0	202.0	0.0	
T15-vHost03-cum3_ODD_IP=.133.33	2014-12-05T16:08:20-0800	38.0	399.0	0.0	197.0	0.0	
T15-vHost02-cum3_ODD_IP=.133.32	2014-12-05T16:08:20-0800	140.0	1699.0	0.0	207.0	0.0	
T15-vHost01-cum3_ODD_IP=.133.31	2014-12-05T16:08:20-0800	98.0	1299.0	0.0	202.0	0.0	
T15-vHost03-cum3_ODD_IP=.133.33	2014-12-05T16:08:20-0800	38.0	399.0	0.0	197.0	0.0	
T15-vHost02-cum3_ODD_IP=.133.32	2014-12-05T16:08:20-0800	140.0	1699.0	0.0	207.0	0.0	
T15-vHost01-cum3_ODD_IP=.133.31	2014-12-05T16:08:20-0800	98.0	1299.0	0.0	202.0	0.0	
T15-vHost03-cum3_ODD_IP=.133.33	2014-12-05T16:08:40-0800	38.0	399.0	0.0	197.0	0.0	
T15-vHost02-cum3_ODD_IP=.133.32	2014-12-05T16:08:40-0800	164.0	1999.0	0.0	571.0	0.0	
T15-vHost01-cum3_ODD_IP=.133.31	2014-12-05T16:08:40-0800	110.0	1099.0	0.0	563.0	0.0	
T15-vHost03-cum3_ODD_IP=.133.33	2014-12-05T16:08:40-0800	64.0	399.0	0.0	559.0	0.0	
T15-vHost02-cum3_ODD_IP=.133.32	2014-12-05T16:08:40-0800	164.0	1999.0	0.0	571.0	0.0	
T15-vHost01-cum3_ODD_IP=.133.31	2014-12-05T16:08:40-0800	110.0	1099.0	0.0	563.0	0.0	
T15-vHost03-cum3_ODD_IP=.133.33	2014-12-05T16:08:40-0800	64.0	399.0	0.0	559.0	0.0	
T15-vHost02-cum3_ODD_IP=.133.32	2014-12-05T16:08:40-0800	164.0	1999.0	0.0	571.0	0.0	
T15-vHost01-cum3_ODD_IP=.133.31	2014-12-05T16:09:00-0800	110.0	1099.0	0.0	563.0	0.0	
T15-vHost03-cum3_ODD_IP=.133.33	2014-12-05T16:09:00-0800	64.0	399.0	0.0	559.0	0.0	
T15-vHost02-cum3_ODD_IP=.133.32	2014-12-05T16:09:00-0800	165.0	1999.0	0.0	710.0	0.0	
T15-vHost01-cum3_ODD_IP=.133.31	2014-12-05T16:09:00-0800	107.0	1099.0	0.0	702.0	0.0	
T15-vHost03-cum3_ODD_IP=.133.33	2014-12-05T16:09:00-0800	35.0	399.0	0.0	697.0	0.0	
T15-vHost02-cum3_ODD_IP=.133.32	2014-12-05T16:09:00-0800	165.0	1999.0	0.0	710.0	0.0	
T15-vHost01-cum3_ODD_IP=.133.31	2014-12-05T16:09:00-0800	107.0	1099.0	0.0	702.0	0.0	
T15-vHost03-cum3_ODD_IP=.133.33	2014-12-05T16:09:00-0800	35.0	399.0	0.0	697.0	0.0	
T15-vHost02-cum3_ODD_IP=.133.32	2014-12-05T16:09:20-0800	165.0	1999.0	0.0	710.0	0.0	
T15-vHost01-cum3_ODD_IP=.133.31	2014-12-05T16:09:20-0800	107.0	1099.0	0.0	702.0	0.0	
T15-vHost03-cum3_ODD_IP=.133.33	2014-12-05T16:09:20-0800	35.0	399.0	0.0	697.0	0.0	
T15-vHost02-cum3_ODD_IP=.133.32	2014-12-05T16:09:20-0800	177.0	1999.0	0.0	520.0	0.0	
T15-vHost01-cum3_ODD_IP=.133.31	2014-12-05T16:09:20-0800	83.0	1099.0	0.0	512.0	0.0	
T15-vHost03-cum3_ODD_IP=.133.33	2014-12-05T16:09:20-0800	24.0	399.0	0.0	506.0	0.0	
T15-vHost02-cum3_ODD_IP=.133.32	2014-12-05T16:09:20-0800	177.0	1999.0	0.0	520.0	0.0	
T15-vHost01-cum3_ODD_IP=.133.31	2014-12-05T16:09:20-0800	83.0	1099.0	0.0	512.0	0.0	
T15-vHost03-cum3_ODD_IP=.133.33	2014-12-05T16:09:20-0800	24.0	399.0	0.0	506.0	0.0	
T15-vHost02-cum3_ODD_IP=.133.32	2014-12-05T16:09:40-0800	177.0	1999.0	0.0	520.0	0.0	
T15-vHost01-cum3_ODD_IP=.133.31	2014-12-05T16:09:40-0800	83.0	1099.0	0.0	512.0	0.0	
T15-vHost03-cum3_ODD_IP=.133.33	2014-12-05T16:09:40-0800	24.0	399.0	0.0	506.0	0.0	
T15-vHost02-cum3_ODD_IP=.133.32	2014-12-05T16:09:40-0800	191.0	1799.0	0.0	402.0	0.0	
T15-vHost01-cum3_ODD_IP=.133.31	2014-12-05T16:09:40-0800	107.0	1199.0	0.0	395.0	0.0	
T15-vHost03-cum3_ODD_IP=.133.33	2014-12-05T16:09:40-0800	70.0	499.0	0.0	389.0	0.0	
T15-vHost02-cum3_ODD_IP=.133.32	2014-12-05T16:09:40-0800	191.0	1799.0	0.0	402.0	0.0	
T15-vHost01-cum3_ODD_IP=.133.31	2014-12-05T16:09:40-0800	107.0	1199.0	0.0	395.0	0.0	
T15-vHost03-cum3_ODD_IP=.133.33	2014-12-05T16:09:40-0800	70.0	499.0	0.0	389.0	0.0	
T15-vHost02-cum3_ODD_IP=.133.32	2014-12-05T16:10:00-0800	191.0	1799.0	0.0	402.0	0.0	
T15-vHost01-cum3_ODD_IP=.133.31	2014-12-05T16:10:00-0800	107.0	1199.0	0.0	395.0	0.0	
T15-vHost03-cum3_ODD_IP=.133.33	2014-12-05T16:10:00-0800	34.0	499.0	0.0	341.0	0.0	
T15-vHost02-cum3_ODD_IP=.133.32	2014-12-05T16:10:00-0800	148.0	1799.0	0.0	349.0	0.0	
T15-vHost01-cum3_ODD_IP=.133.31	2014-12-05T16:10:00-0800	100.0	1199.0	0.0	345.0	0.0	
T15-vHost03-cum3_ODD_IP=.133.33	2014-12-05T16:10:00-0800	34.0	499.0	0.0	341.0	0.0	
T15-vHost02-cum3_ODD_IP=.133.32	2014-12-05T16:10:00-0800	148.0	1799.0	0.0	349.0	0.0	
T15-vHost01-cum3_ODD_IP=.133.31	2014-12-05T16:10:00-0800	100.0	1199.0	0.0	345.0	0.0	
T15-vHost03-cum3_ODD_IP=.133.33	2014-12-05T16:10:00-0800	34.0	499.0	0.0	341.0	0.0	
T15-vHost02-cum3_ODD_IP=.133.32	2014-12-05T16:10:20-0800	168.0	1799.0	0.0	474.0	0.0	
T15-vHost01-cum3_ODD_IP=.133.31	2014-12-05T16:10:20-0800	106.0	1199.0	0.0	465.0	0.0	
T15-vHost03-cum3_ODD_IP=.133.33	2014-12-05T16:10:20-0800	49.0	499.0	0.0	461.0	0.0	
T15-vHost02-cum3_ODD_IP=.133.32	2014-12-05T16:10:20-0800	168.0	1799.0	0.0	474.0	0.0	
T15-vHost01-cum3_ODD_IP=.133.31	2014-12-05T16:10:20-0800	106.0	1199.0	0.0	465.0	0.0	
T15-vHost03-cum3_ODD_IP=.133.33	2014-12-05T16:10:20-0800	49.0	499.0	0.0	461.0	0.0	
T15-vHost02-cum3_ODD_IP=.133.32	2014-12-05T16:10:20-0800	168.0	1799.0	0.0	474.0	0.0	
T15-vHost01-cum3_ODD_IP=.133.31	2014-12-05T16:10:20-0800	106.0	1199.0	0.0	465.0	0.0	
T15-vHost03-cum3_ODD_IP=.133.33	2014-12-05T16:10:20-0800	49.0	499.0	0.0	461.0	0.0	
T15-vHost02-cum3_ODD_IP=.133.32	2014-12-05T16:10:40-0800	174.0	1799.0	0.0	799.0	0.0	
T15-vHost01-cum3_ODD_IP=.133.31	2014-12-05T16:10:40-0800	119.0	1299.0	0.0	793.0	0.0	
T15-vHost03-cum3_ODD_IP=.133.33	2014-12-05T16:10:40-0800	85.0	399.0	0.0	787.0	0.0	
T15-vHost02-cum3_ODD_IP=.133.32	2014-12-05T16:10:40-0800	174.0	1799.0	0.0	799.0	0.0	
T15-vHost01-cum3_ODD_IP=.133.31	2014-12-05T16:10:40-0800	119.0	1299.0	0.0	793.0	0.0	
T15-vHost03-cum3_ODD_IP=.133.33	2014-12-05T16:10:40-0800	85.0	399.0	0.0	787.0	0.0	
T15-vHost02-cum3_ODD_IP=.133.32	2014-12-05T16:10:40-0800	174.0	1799.0	0.0	799.0	0.0	
T15-vHost01-cum3_ODD_IP=.133.31	2014-12-05T16:10:40-0800	119.0	1299.0	0.0	793.0	0.0	
T15-vHost03-cum3_ODD_IP=.133.33	2014-12-05T16:10:40-0800	85.0	399.0	0.0	787.0	0.0	
T15-vHost02-cum3_ODD_IP=.133.32	2014-12-05T16:11:00-0800	189.0	1799.0	0.0	511.0	0.0	
T15-vHost01-cum3_ODD_IP=.133.31	2014-12-05T16:11:00-0800	113.0	1299.0	0.0	505.0	0.0	
T15-vHost03-cum3_ODD_IP=.133.33	2014-12-05T16:11:00-0800	76.0	399.0	0.0	502.0	0.0	
T15-vHost02-cum3_ODD_IP=.133.32	2014-12-05T16:11:00-0800	189.0	1799.0	0.0	511.0	0.0	
T15-vHost01-cum3_ODD_IP=.133.31	2014-12-05T16:11:00-0800	113.0	1299.0	0.0	505.0	0.0	
T15-vHost03-cum3_ODD_IP=.133.33	2014-12-05T16:11:00-0800	76.0	399.0	0.0	502.0	0.0	
T15-vHost02-cum3_ODD_IP=.133.32	2014-12-05T16:11:00-0800	189.0	1799.0	0.0	511.0	0.0	
T15-vHost01-cum3_ODD_IP=.133.31	2014-12-05T16:11:00-0800	113.0	1299.0	0.0	505.0	0.0	
T15-vHost03-cum3_ODD_IP=.133.33	2014-12-05T16:11:00-0800	76.0	399.0	0.0	502.0	0.0	
T15-vHost02-cum3_ODD_IP=.133.32	2014-12-05T16:11:20-0800	184.0	1799.0	0.0	410.0	0.0	
T15-vHost01-cum3_ODD_IP=.133.31	2014-12-05T16:11:20-0800	92.0	1299.0	0.0	404.0	0.0	
T15-vHost03-cum3_ODD_IP=.133.33	2014-12-05T16:11:20-0800	34.0	399.0	0.0	400.0	0.0	
T15-vHost02-cum3_ODD_IP=.133.32	2014-12-05T16:11:20-0800	184.0	1799.0	0.0	410.0	0.0	
T15-vHost01-cum3_ODD_IP=.133.31	2014-12-05T16:11:20-0800	92.0	1299.0	0.0	404.0	0.0	
T15-vHost03-cum3_ODD_IP=.133.33	2014-12-05T16:11:20-0800	34.0	399.0	0.0	400.0	0.0	
T15-vHost02-cum3_ODD_IP=.133.32	2014-12-05T16:11:20-0800	184.0	1799.0	0.0	410.0	0.0	
T15-vHost01-cum3_ODD_IP=.133.31	2014-12-05T16:11:20-0800	92.0	1299.0	0.0	404.0	0.0	
T15-vHost03-cum3_ODD_IP=.133.33	2014-12-05T16:11:20-0800	34.0	399.0	0.0	400.0	0.0	
T15-vHost02-cum3_ODD_IP=.133.32	2014-12-05T16:11:40-0800	150.0	1599.0	0.0	490.0	0.0	
T15-vHost01-cum3_ODD_IP=.133.31	2014-12-05T16:11:40-0800	103.0	1599.0	0.0	483.0	0.0	
T15-vHost03-cum3_ODD_IP=.133.33	2014-12-05T16:11:40-0800	25.0	399.0	0.0	479.0	0.0	
T15-vHost02-cum3_ODD_IP=.133.32	2014-12-05T16:11:40-0800	150.0	1599.0	0.0	490.0	0.0	
T15-vHost01-cum3_ODD_IP=.133.31	2014-12-05T16:11:40-0800	103.0	1599.0	0.0	483.0	0.0	
T15-vHost03-cum3_ODD_IP=.133.33	2014-12-05T16:11:40-0800	25.0	399.0	0.0	479.0	0.0	
T15-vHost02-cum3_ODD_IP=.133.32	2014-12-05T16:11:40-0800	150.0	1599.0	0.0	490.0	0.0	
T15-vHost01-cum3_ODD_IP=.133.31	2014-12-05T16:11:40-0800	103.0	1599.0	0.0	483.0	0.0	
T15-vHost03-cum3_ODD_IP=.133.33	2014-12-05T16:11:40-0800	25.0	399.0	0.0	479.0	0.0	
T15-vHost02-cum3_ODD_IP=.133.32	2014-12-05T16:12:00-0800	196.0	1599.0	0.0	374.0	0.0	
T15-vHost01-cum3_ODD_IP=.133.31	2014-12-05T16:12:00-0800	115.0	1599.0	0.0	369.0	0.0	
T15-vHost03-cum3_ODD_IP=.133.33	2014-12-05T16:12:00-0800	53.0	399.0	0.0	365.0	0.0	
T15-vHost02-cum3_ODD_IP=.133.32	2014-12-05T16:12:00-0800	196.0	1599.0	0.0	374.0	0.0	
T15-vHost01-cum3_ODD_IP=.133.31	2014-12-05T16:12:00-0800	115.0	1599.0	0.0	369.0	0.0	
T15-vHost03-cum3_ODD_IP=.133.33	2014-12-05T16:12:00-0800	53.0	399.0	0.0	365.0	0.0	
T15-vHost02-cum3_ODD_IP=.133.32	2014-12-05T16:12:00-0800	196.0	1599.0	0.0	374.0	0.0	
T15-vHost01-cum3_ODD_IP=.133.31	2014-12-05T16:12:00-0800	115.0	1599.0	0.0	369.0	0.0	
T15-vHost03-cum3_ODD_IP=.133.33	2014-12-05T16:12:20-0800	53.0	399.0	0.0	365.0	0.0	
T15-vHost02-cum3_ODD_IP=.133.32	2014-12-05T16:12:20-0800	144.0	1599.0	0.0	172.0	0.0	
T15-vHost01-cum3_ODD_IP=.133.31	2014-12-05T16:12:20-0800	90.0	1599.0	0.0	169.0	0.0	
T15-vHost03-cum3_ODD_IP=.133.33	2014-12-05T16:12:20-0800	34.0	399.0	0.0	164.0	0.0	
T15-vHost02-cum3_ODD_IP=.133.32	2014-12-05T16:12:20-0800	144.0	1599.0	0.0	172.0	0.0	
T15-vHost01-cum3_ODD_IP=.133.31	2014-12-05T16:12:20-0800	90.0	1599.0	0.0	169.0	0.0	
T15-vHost03-cum3_ODD_IP=.133.33	2014-12-05T16:12:20-0800	34.0	399.0	0.0	164.0	0.0	
T15-vHost02-cum3_ODD_IP=.133.32	2014-12-05T16:12:20-0800	144.0	1599.0	0.0	172.0	0.0	
T15-vHost01-cum3_ODD_IP=.133.31	2014-12-05T16:12:20-0800	90.0	1599.0	0.0	169.0	0.0	
T15-vHost03-cum3_ODD_IP=.133.33	2014-12-05T16:12:40-0800	34.0	399.0	0.0	164.0	0.0	
T15-vHost02-cum3_ODD_IP=.133.32	2014-12-05T16:12:40-0800	168.0	1399.0	0.0	147.0	0.0	
T15-vHost01-cum3_ODD_IP=.133.31	2014-12-05T16:12:40-0800	75.0	1399.0	0.0	140.0	0.0	
T15-vHost03-cum3_ODD_IP=.133.33	2014-12-05T16:12:40-0800	24.0	399.0	0.0	136.0	0.0	
T15-vHost02-cum3_ODD_IP=.133.32	2014-12-05T16:12:40-0800	168.0	1399.0	0.0	147.0	0.0	
T15-vHost01-cum3_ODD_IP=.133.31	2014-12-05T16:12:40-0800	75.0	1399.0	0.0	140.0	0.0	
T15-vHost03-cum3_ODD_IP=.133.33	2014-12-05T16:12:40-0800	24.0	399.0	0.0	136.0	0.0	
T15-vHost02-cum3_ODD_IP=.133.32	2014-12-05T16:12:40-0800	168.0	1399.0	0.0	147.0	0.0	
T15-vHost01-cum3_ODD_IP=.133.31	2014-12-05T16:12:40-0800	75.0	1399.0	0.0	140.0	0.0	
T15-vHost03-cum3_ODD_IP=.133.33	2014-12-05T16:13:00-0800	24.0	399.0	0.0	136.0	0.0	
T15-vHost02-cum3_ODD_IP=.133.32	2014-12-05T16:13:00-0800	138.0	1399.0	0.0	329.0	0.0	
T15-vHost01-cum3_ODD_IP=.133.31	2014-12-05T16:13:00-0800	79.0	1399.0	0.0	324.0	0.0	
T15-vHost03-cum3_ODD_IP=.133.33	2014-12-05T16:13:00-0800	35.0	399.0	0.0	319.0	0.0	
T15-vHost02-cum3_ODD_IP=.133.32	2014-12-05T16:13:00-0800	138.0	1399.0	0.0	329.0	0.0	
T15-vHost01-cum3_ODD_IP=.133.31	2014-12-05T16:13:00-0800	79.0	1399.0	0.0	324.0	0.0	
T15-vHost03-cum3_ODD_IP=.133.33	2014-12-05T16:13:00-0800	35.0	399.0	0.0	319.0	0.0	
T15-vHost02-cum3_ODD_IP=.133.32	2014-12-05T16:13:00-0800	138.0	1399.0	0.0	329.0	0.0	
T15-vHost01-cum3_ODD_IP=.133.31	2014-12-05T16:13:20-0800	79.0	1399.0	0.0	324.0	0.0	
T15-vHost03-cum3_ODD_IP=.133.33	2014-12-05T16:13:20-0800	35.0	399.0	0.0	319.0	0.0	
T15-vHost02-cum3_ODD_IP=.133.32	2014-12-05T16:13:20-0800	122.0	1399.0	0.0	327.0	0.0	
T15-vHost01-cum3_ODD_IP=.133.31	2014-12-05T16:13:20-0800	89.0	1399.0	0.0	325.0	0.0	
T15-vHost03-cum3_ODD_IP=.133.33	2014-12-05T16:13:20-0800	25.0	399.0	0.0	319.0	0.0	
T15-vHost02-cum3_ODD_IP=.133.32	2014-12-05T16:13:20-0800	122.0	1399.0	0.0	327.0	0.0	
T15-vHost01-cum3_ODD_IP=.133.31	2014-12-05T16:13:20-0800	89.0	1399.0	0.0	325.0	0.0	
T15-vHost03-cum3_ODD_IP=.133.33	2014-12-05T16:13:20-0800	25.0	399.0	0.0	319.0	0.0	
T15-vHost02-cum3_ODD_IP=.133.32	2014-12-05T16:13:40-0800	122.0	1399.0	0.0	327.0	0.0	
T15-vHost01-cum3_ODD_IP=.133.31	2014-12-05T16:13:40-0800	89.0	1399.0	0.0	325.0	0.0	
T15-vHost03-cum3_ODD_IP=.133.33	2014-12-05T16:13:40-0800	25.0	399.0	0.0	319.0	0.0	
T15-vHost02-cum3_ODD_IP=.133.32	2014-12-05T16:13:40-0800	165.0	1299.0	0.0	373.0	0.0	
T15-vHost01-cum3_ODD_IP=.133.31	2014-12-05T16:13:40-0800	109.0	1399.0	0.0	369.0	0.0	
T15-vHost03-cum3_ODD_IP=.133.33	2014-12-05T16:13:40-0800	43.0	399.0	0.0	364.0	0.0	
T15-vHost02-cum3_ODD_IP=.133.32	2014-12-05T16:13:40-0800	165.0	1299.0	0.0	373.0	0.0	
T15-vHost01-cum3_ODD_IP=.133.31	2014-12-05T16:13:40-0800	109.0	1399.0	0.0	369.0	0.0	
T15-vHost03-cum3_ODD_IP=.133.33	2014-12-05T16:13:40-0800	43.0	399.0	0.0	364.0	0.0	
T15-vHost02-cum3_ODD_IP=.133.32	2014-12-05T16:14:00-0800	165.0	1299.0	0.0	373.0	0.0	
T15-vHost01-cum3_ODD_IP=.133.31	2014-12-05T16:14:00-0800	109.0	1399.0	0.0	369.0	0.0	
T15-vHost03-cum3_ODD_IP=.133.33	2014-12-05T16:14:00-0800	43.0	399.0	0.0	364.0	0.0	
T15-vHost02-cum3_ODD_IP=.133.32	2014-12-05T16:14:00-0800	161.0	1299.0	0.0	243.0	0.0	
T15-vHost01-cum3_ODD_IP=.133.31	2014-12-05T16:14:00-0800	83.0	1399.0	0.0	240.0	0.0	
T15-vHost03-cum3_ODD_IP=.133.33	2014-12-05T16:14:00-0800	54.0	399.0	0.0	237.0	0.0	
T15-vHost02-cum3_ODD_IP=.133.32	2014-12-05T16:14:00-0800	161.0	1299.0	0.0	243.0	0.0	
T15-vHost01-cum3_ODD_IP=.133.31	2014-12-05T16:14:00-0800	83.0	1399.0	0.0	240.0	0.0	
T15-vHost03-cum3_ODD_IP=.133.33	2014-12-05T16:14:00-0800	54.0	399.0	0.0	237.0	0.0	
T15-vHost02-cum3_ODD_IP=.133.32	2014-12-05T16:14:20-0800	161.0	1299.0	0.0	243.0	0.0	
T15-vHost01-cum3_ODD_IP=.133.31	2014-12-05T16:14:20-0800	83.0	1399.0	0.0	240.0	0.0	
T15-vHost03-cum3_ODD_IP=.133.33	2014-12-05T16:14:20-0800	54.0	399.0	0.0	237.0	0.0	
T15-vHost02-cum3_ODD_IP=.133.32	2014-12-05T16:14:20-0800	156.0	1299.0	0.0	262.0	0.0	
T15-vHost01-cum3_ODD_IP=.133.31	2014-12-05T16:14:20-0800	94.0	1399.0	0.0	259.0	0.0	
T15-vHost03-cum3_ODD_IP=.133.33	2014-12-05T16:14:20-0800	53.0	399.0	0.0	254.0	0.0	
T15-vHost02-cum3_ODD_IP=.133.32	2014-12-05T16:14:20-0800	156.0	1299.0	0.0	262.0	0.0	
T15-vHost01-cum3_ODD_IP=.133.31	2014-12-05T16:14:20-0800	94.0	1399.0	0.0	259.0	0.0	
T15-vHost03-cum3_ODD_IP=.133.33	2014-12-05T16:14:20-0800	53.0	399.0	0.0	254.0	0.0	
T15-vHost02-cum3_ODD_IP=.133.32	2014-12-05T16:14:40-0800	156.0	1299.0	0.0	262.0	0.0	
T15-vHost01-cum3_ODD_IP=.133.31	2014-12-05T16:14:40-0800	94.0	1399.0	0.0	259.0	0.0	
T15-vHost03-cum3_ODD_IP=.133.33	2014-12-05T16:14:40-0800	53.0	399.0	0.0	254.0	0.0	
T15-vHost02-cum3_ODD_IP=.133.32	2014-12-05T16:14:40-0800	151.0	1299.0	0.0	259.0	0.0	
T15-vHost01-cum3_ODD_IP=.133.31	2014-12-05T16:14:40-0800	103.0	1399.0	0.0	253.0	0.0	
T15-vHost03-cum3_ODD_IP=.133.33	2014-12-05T16:14:40-0800	28.0	199.0	0.0	249.0	0.0	
T15-vHost02-cum3_ODD_IP=.133.32	2014-12-05T16:14:40-0800	151.0	1299.0	0.0	259.0	0.0	
T15-vHost01-cum3_ODD_IP=.133.31	2014-12-05T16:14:40-0800	103.0	1399.0	0.0	253.0	0.0	
T15-vHost03-cum3_ODD_IP=.133.33	2014-12-05T16:14:40-0800	28.0	199.0	0.0	249.0	0.0	
T15-vHost02-cum3_ODD_IP=.133.32	2014-12-05T16:15:00-0800	151.0	1299.0	0.0	259.0	0.0	
T15-vHost01-cum3_ODD_IP=.133.31	2014-12-05T16:15:00-0800	103.0	1399.0	0.0	253.0	0.0	
T15-vHost03-cum3_ODD_IP=.133.33	2014-12-05T16:15:00-0800	28.0	199.0	0.0	249.0	0.0	
T15-vHost02-cum3_ODD_IP=.133.32	2014-12-05T16:15:00-0800	141.0	1299.0	0.0	228.0	0.0	
T15-vHost01-cum3_ODD_IP=.133.31	2014-12-05T16:15:00-0800	76.0	1199.0	0.0	224.0	0.0	
T15-vHost03-cum3_ODD_IP=.133.33	2014-12-05T16:15:00-0800	38.0	199.0	0.0	217.0	0.0	
T15-vHost02-cum3_ODD_IP=.133.32	2014-12-05T16:15:00-0800	141.0	1299.0	0.0	228.0	0.0	
T15-vHost01-cum3_ODD_IP=.133.31	2014-12-05T16:15:00-0800	76.0	1199.0	0.0	224.0	0.0	
T15-vHost03-cum3_ODD_IP=.133.33	2014-12-05T16:15:00-0800	38.0	199.0	0.0	217.0	0.0	
T15-vHost02-cum3_ODD_IP=.133.32	2014-12-05T16:15:20-0800	141.0	1299.0	0.0	228.0	0.0	
T15-vHost01-cum3_ODD_IP=.133.31	2014-12-05T16:15:20-0800	76.0	1199.0	0.0	224.0	0.0	
T15-vHost03-cum3_ODD_IP=.133.33	2014-12-05T16:15:20-0800	38.0	199.0	0.0	217.0	0.0	
T15-vHost02-cum3_ODD_IP=.133.32	2014-12-05T16:15:20-0800	161.0	1299.0	0.0	203.0	0.0	
T15-vHost01-cum3_ODD_IP=.133.31	2014-12-05T16:15:20-0800	80.0	1199.0	0.0	198.0	0.0	
T15-vHost03-cum3_ODD_IP=.133.33	2014-12-05T16:15:20-0800	26.0	299.0	0.0	193.0	0.0	
T15-vHost02-cum3_ODD_IP=.133.32	2014-12-05T16:15:20-0800	161.0	1299.0	0.0	203.0	0.0	
T15-vHost01-cum3_ODD_IP=.133.31	2014-12-05T16:15:20-0800	80.0	1199.0	0.0	198.0	0.0	
T15-vHost03-cum3_ODD_IP=.133.33	2014-12-05T16:15:20-0800	26.0	299.0	0.0	193.0	0.0	
T15-vHost02-cum3_ODD_IP=.133.32	2014-12-05T16:15:40-0800	161.0	1299.0	0.0	203.0	0.0	
T15-vHost01-cum3_ODD_IP=.133.31	2014-12-05T16:15:40-0800	80.0	1199.0	0.0	198.0	0.0	
T15-vHost03-cum3_ODD_IP=.133.33	2014-12-05T16:15:40-0800	29.0	299.0	0.0	128.0	0.0	
T15-vHost02-cum3_ODD_IP=.133.32	2014-12-05T16:15:40-0800	146.0	1299.0	0.0	141.0	0.0	
T15-vHost01-cum3_ODD_IP=.133.31	2014-12-05T16:15:40-0800	101.0	1199.0	0.0	132.0	0.0	
T15-vHost03-cum3_ODD_IP=.133.33	2014-12-05T16:15:40-0800	29.0	299.0	0.0	128.0	0.0	
T15-vHost02-cum3_ODD_IP=.133.32	2014-12-05T16:15:40-0800	146.0	1299.0	0.0	141.0	0.0	
T15-vHost01-cum3_ODD_IP=.133.31	2014-12-05T16:15:40-0800	101.0	1199.0	0.0	132.0	0.0	
T15-vHost03-cum3_ODD_IP=.133.33	2014-12-05T16:15:40-0800	29.0	299.0	0.0	128.0	0.0	
T15-vHost02-cum3_ODD_IP=.133.32	2014-12-05T16:16:00-0800	146.0	1299.0	0.0	141.0	0.0	
T15-vHost01-cum3_ODD_IP=.133.31	2014-12-05T16:16:00-0800	101.0	1199.0	0.0	132.0	0.0	
T15-vHost03-cum3_ODD_IP=.133.33	2014-12-05T16:16:00-0800	45.0	299.0	0.0	290.0	0.0	
T15-vHost02-cum3_ODD_IP=.133.32	2014-12-05T16:16:00-0800	151.0	1299.0	0.0	300.0	0.0	
T15-vHost01-cum3_ODD_IP=.133.31	2014-12-05T16:16:00-0800	91.0	1599.0	0.0	294.0	0.0	
T15-vHost03-cum3_ODD_IP=.133.33	2014-12-05T16:16:00-0800	45.0	299.0	0.0	290.0	0.0	
T15-vHost02-cum3_ODD_IP=.133.32	2014-12-05T16:16:00-0800	151.0	1299.0	0.0	300.0	0.0	
T15-vHost01-cum3_ODD_IP=.133.31	2014-12-05T16:16:00-0800	91.0	1599.0	0.0	294.0	0.0	
T15-vHost03-cum3_ODD_IP=.133.33	2014-12-05T16:16:00-0800	45.0	299.0	0.0	290.0	0.0	
T15-vHost02-cum3_ODD_IP=.133.32	2014-12-05T16:16:20-0800	151.0	1299.0	0.0	300.0	0.0	
T15-vHost01-cum3_ODD_IP=.133.31	2014-12-05T16:16:20-0800	91.0	1599.0	0.0	294.0	0.0	
T15-vHost03-cum3_ODD_IP=.133.33	2014-12-05T16:16:20-0800	33.0	299.0	0.0	116.0	0.0	
T15-vHost02-cum3_ODD_IP=.133.32	2014-12-05T16:16:20-0800	133.0	1299.0	0.0	126.0	0.0	
T15-vHost01-cum3_ODD_IP=.133.31	2014-12-05T16:16:20-0800	82.0	1599.0	0.0	119.0	0.0	
T15-vHost03-cum3_ODD_IP=.133.33	2014-12-05T16:16:20-0800	33.0	299.0	0.0	116.0	0.0	
T15-vHost02-cum3_ODD_IP=.133.32	2014-12-05T16:16:20-0800	133.0	1299.0	0.0	126.0	0.0	
T15-vHost01-cum3_ODD_IP=.133.31	2014-12-05T16:16:20-0800	82.0	1599.0	0.0	119.0	0.0	
T15-vHost03-cum3_ODD_IP=.133.33	2014-12-05T16:16:20-0800	33.0	299.0	0.0	116.0	0.0	
T15-vHost02-cum3_ODD_IP=.133.32	2014-12-05T16:52:00-0800	122.0	1399.0	0.0	481.0	0.0	
T15-vHost01-cum3_ODD_IP=.133.31	2014-12-05T16:52:00-0800	92.0	1199.0	0.0	483.0	0.0	
T15-vHost03-cum3_ODD_IP=.133.33	2014-12-05T16:52:00-0800	32.0	299.0	0.0	481.0	0.0	
T15-vHost02-cum3_ODD_IP=.133.32	2014-12-05T16:52:20-0800	177.0	1299.0	0.0	260.0	0.0	
T15-vHost01-cum3_ODD_IP=.133.31	2014-12-05T16:52:20-0800	119.0	1399.0	0.0	252.0	0.0	
T15-vHost03-cum3_ODD_IP=.133.33	2014-12-05T16:52:20-0800	39.0	299.0	0.0	249.0	0.0	
T15-vHost02-cum3_ODD_IP=.133.32	2014-12-05T16:52:20-0800	177.0	1299.0	0.0	260.0	0.0	
T15-vHost01-cum3_ODD_IP=.133.31	2014-12-05T16:52:20-0800	119.0	1399.0	0.0	252.0	0.0	
T15-vHost03-cum3_ODD_IP=.133.33	2014-12-05T16:52:20-0800	39.0	299.0	0.0	249.0	0.0	
T15-vHost02-cum3_ODD_IP=.133.32	2014-12-05T16:52:20-0800	177.0	1299.0	0.0	260.0	0.0	
T15-vHost01-cum3_ODD_IP=.133.31	2014-12-05T16:52:20-0800	119.0	1399.0	0.0	252.0	0.0	
T15-vHost03-cum3_ODD_IP=.133.33	2014-12-05T16:52:20-0800	39.0	299.0	0.0	249.0	0.0	
T15-vHost02-cum3_ODD_IP=.133.32	2014-12-05T16:52:40-0800	166.0	1299.0	0.0	280.0	0.0	
T15-vHost01-cum3_ODD_IP=.133.31	2014-12-05T16:52:40-0800	72.0	1399.0	0.0	269.0	0.0	
T15-vHost03-cum3_ODD_IP=.133.33	2014-12-05T16:52:40-0800	36.0	599.0	0.0	267.0	0.0	
T15-vHost02-cum3_ODD_IP=.133.32	2014-12-05T16:52:40-0800	166.0	1299.0	0.0	280.0	0.0	
T15-vHost01-cum3_ODD_IP=.133.31	2014-12-05T16:52:40-0800	72.0	1399.0	0.0	269.0	0.0	
T15-vHost03-cum3_ODD_IP=.133.33	2014-12-05T16:52:40-0800	36.0	599.0	0.0	267.0	0.0	
T15-vHost02-cum3_ODD_IP=.133.32	2014-12-05T16:52:40-0800	166.0	1299.0	0.0	280.0	0.0	
T15-vHost01-cum3_ODD_IP=.133.31	2014-12-05T16:52:40-0800	72.0	1399.0	0.0	269.0	0.0	
T15-vHost03-cum3_ODD_IP=.133.33	2014-12-05T16:52:40-0800	36.0	599.0	0.0	267.0	0.0	
T15-vHost02-cum3_ODD_IP=.133.32	2014-12-05T17:20:00-0800	116.0	1099.0	0.0	350.0	0.0	
T15-vHost01-cum3_ODD_IP=.133.31	2014-12-05T17:20:00-0800	90.0	799.0	0.0	346.0	0.0	
T15-vHost03-cum3_ODD_IP=.133.33	2014-12-05T17:20:00-0800	49.0	599.0	0.0	349.0	0.0	
T15-vHost02-cum3_ODD_IP=.133.32	2014-12-05T17:20:00-0800	116.0	1099.0	0.0	350.0	0.0	
T15-vHost01-cum3_ODD_IP=.133.31	2014-12-05T17:20:00-0800	90.0	799.0	0.0	346.0	0.0	
T15-vHost03-cum3_ODD_IP=.133.33	2014-12-05T17:20:00-0800	49.0	599.0	0.0	349.0	0.0	
T15-vHost02-cum3_ODD_IP=.133.32	2014-12-05T17:20:00-0800	116.0	1099.0	0.0	350.0	0.0	
T15-vHost01-cum3_ODD_IP=.133.31	2014-12-05T17:20:00-0800	90.0	799.0	0.0	346.0	0.0	
T15-vHost03-cum3_ODD_IP=.133.33	2014-12-05T17:20:00-0800	49.0	599.0	0.0	349.0	0.0	
T15-vHost02-cum3_ODD_IP=.133.32	2014-12-05T17:20:20-0800	140.0	1099.0	0.0	421.0	0.0	
T15-vHost01-cum3_ODD_IP=.133.31	2014-12-05T17:20:20-0800	87.0	1099.0	0.0	420.0	0.0	
T15-vHost03-cum3_ODD_IP=.133.33	2014-12-05T17:20:20-0800	67.0	599.0	0.0	419.0	0.0	
T15-vHost02-cum3_ODD_IP=.133.32	2014-12-05T17:20:20-0800	140.0	1099.0	0.0	421.0	0.0	
T15-vHost01-cum3_ODD_IP=.133.31	2014-12-05T17:20:20-0800	87.0	1099.0	0.0	420.0	0.0	
T15-vHost03-cum3_ODD_IP=.133.33	2014-12-05T17:20:20-0800	67.0	599.0	0.0	419.0	0.0	
T15-vHost02-cum3_ODD_IP=.133.32	2014-12-05T17:20:20-0800	140.0	1099.0	0.0	421.0	0.0	
T15-vHost01-cum3_ODD_IP=.133.31	2014-12-05T17:20:40-0800	87.0	1099.0	0.0	420.0	0.0	
T15-vHost03-cum3_ODD_IP=.133.33	2014-12-05T17:20:40-0800	67.0	599.0	0.0	419.0	0.0	
T15-vHost02-cum3_ODD_IP=.133.32	2014-12-05T17:20:40-0800	136.0	1099.0	0.0	730.0	0.0	
T15-vHost01-cum3_ODD_IP=.133.31	2014-12-05T17:20:40-0800	91.0	1099.0	0.0	728.0	0.0	
T15-vHost03-cum3_ODD_IP=.133.33	2014-12-05T17:20:40-0800	30.0	499.0	0.0	728.0	0.0	
T15-vHost02-cum3_ODD_IP=.133.32	2014-12-05T17:20:40-0800	136.0	1099.0	0.0	730.0	0.0	
T15-vHost01-cum3_ODD_IP=.133.31	2014-12-05T17:20:40-0800	91.0	1099.0	0.0	728.0	0.0	
T15-vHost03-cum3_ODD_IP=.133.33	2014-12-05T17:20:40-0800	30.0	499.0	0.0	728.0	0.0	
T15-vHost02-cum3_ODD_IP=.133.32	2014-12-05T17:21:00-0800	136.0	1099.0	0.0	730.0	0.0	
T15-vHost01-cum3_ODD_IP=.133.31	2014-12-05T17:21:00-0800	152.0	1099.0	0.0	10312.0	0.0	
T15-vHost03-cum3_ODD_IP=.133.33	2014-12-05T17:21:00-0800	109.0	499.0	0.0	10387.0	0.0	
T15-vHost02-cum3_ODD_IP=.133.32	2014-12-05T17:21:00-0800	139.0	1099.0	0.0	10305.0	0.0	
T15-vHost01-cum3_ODD_IP=.133.31	2014-12-05T17:21:00-0800	152.0	1099.0	0.0	10312.0	0.0	
T15-vHost03-cum3_ODD_IP=.133.33	2014-12-05T17:21:00-0800	109.0	499.0	0.0	10387.0	0.0	
T15-vHost02-cum3_ODD_IP=.133.32	2014-12-05T17:21:00-0800	139.0	1099.0	0.0	10305.0	0.0	
T15-vHost01-cum3_ODD_IP=.133.31	2014-12-05T17:21:00-0800	152.0	1099.0	0.0	10312.0	0.0	
T15-vHost03-cum3_ODD_IP=.133.33	2014-12-05T17:21:00-0800	109.0	499.0	0.0	10387.0	0.0	
T15-vHost02-cum3_ODD_IP=.133.32	2014-12-05T17:21:20-0800	190.0	1099.0	0.0	6832.0	0.0	
T15-vHost01-cum3_ODD_IP=.133.31	2014-12-05T17:21:20-0800	116.0	999.0	0.0	6904.0	0.0	
T15-vHost03-cum3_ODD_IP=.133.33	2014-12-05T17:21:20-0800	117.0	499.0	0.0	6875.0	0.0	
T15-vHost02-cum3_ODD_IP=.133.32	2014-12-05T17:21:20-0800	190.0	1099.0	0.0	6832.0	0.0	
T15-vHost01-cum3_ODD_IP=.133.31	2014-12-05T17:21:20-0800	116.0	999.0	0.0	6904.0	0.0	
T15-vHost03-cum3_ODD_IP=.133.33	2014-12-05T17:21:20-0800	117.0	499.0	0.0	6875.0	0.0	
T15-vHost02-cum3_ODD_IP=.133.32	2014-12-05T17:21:20-0800	190.0	1099.0	0.0	6832.0	0.0	
T15-vHost01-cum3_ODD_IP=.133.31	2014-12-05T17:21:20-0800	116.0	999.0	0.0	6904.0	0.0	
T15-vHost03-cum3_ODD_IP=.133.33	2014-12-05T17:21:40-0800	117.0	499.0	0.0	6875.0	0.0	
T15-vHost02-cum3_ODD_IP=.133.32	2014-12-05T17:21:40-0800	229.0	999.0	0.0	20453.0	0.0	
T15-vHost01-cum3_ODD_IP=.133.31	2014-12-05T17:21:40-0800	170.0	999.0	0.0	20511.0	0.0	
T15-vHost03-cum3_ODD_IP=.133.33	2014-12-05T17:21:40-0800	77.0	499.0	0.0	20700.0	0.0	
T15-vHost02-cum3_ODD_IP=.133.32	2014-12-05T17:21:40-0800	229.0	999.0	0.0	20453.0	0.0	
T15-vHost01-cum3_ODD_IP=.133.31	2014-12-05T17:21:40-0800	170.0	999.0	0.0	20511.0	0.0	
T15-vHost03-cum3_ODD_IP=.133.33	2014-12-05T17:21:40-0800	77.0	499.0	0.0	20700.0	0.0	
T15-vHost02-cum3_ODD_IP=.133.32	2014-12-05T17:22:00-0800	229.0	999.0	0.0	20453.0	0.0	
T15-vHost01-cum3_ODD_IP=.133.31	2014-12-05T17:22:00-0800	170.0	999.0	0.0	20511.0	0.0	
T15-vHost03-cum3_ODD_IP=.133.33	2014-12-05T17:22:00-0800	77.0	499.0	0.0	20700.0	0.0	
T15-vHost02-cum3_ODD_IP=.133.32	2014-12-05T17:22:00-0800	195.0	999.0	0.0	31867.0	0.0	
T15-vHost01-cum3_ODD_IP=.133.31	2014-12-05T17:22:00-0800	129.0	999.0	0.0	31803.0	0.0	
T15-vHost03-cum3_ODD_IP=.133.33	2014-12-05T17:22:00-0800	107.0	499.0	0.0	31875.0	0.0	
T15-vHost02-cum3_ODD_IP=.133.32	2014-12-05T17:32:00-0800	180.0	899.0	0.0	23825.0	0.0	
T15-vHost01-cum3_ODD_IP=.133.31	2014-12-05T17:32:00-0800	135.0	699.0	0.0	23800.0	0.0	
T15-vHost03-cum3_ODD_IP=.133.33	2014-12-05T17:32:20-0800	71.0	499.0	0.0	23743.0	0.0	
T15-vHost02-cum3_ODD_IP=.133.32	2014-12-05T17:32:20-0800	232.0	1099.0	0.0	25967.0	0.0	
T15-vHost01-cum3_ODD_IP=.133.31	2014-12-05T17:32:20-0800	146.0	699.0	0.0	25942.0	0.0	
T15-vHost03-cum3_ODD_IP=.133.33	2014-12-05T17:32:20-0800	80.0	499.0	0.0	25716.0	0.0	
T15-vHost02-cum3_ODD_IP=.133.32	2014-12-05T17:32:20-0800	232.0	1099.0	0.0	25967.0	0.0	
T15-vHost01-cum3_ODD_IP=.133.31	2014-12-05T17:32:20-0800	146.0	699.0	0.0	25942.0	0.0	
T15-vHost03-cum3_ODD_IP=.133.33	2014-12-05T17:32:20-0800	80.0	499.0	0.0	25716.0	0.0	
T15-vHost02-cum3_ODD_IP=.133.32	2014-12-05T17:35:00-0800	127.0	1199.0	0.0	21335.0	0.0	
T15-vHost01-cum3_ODD_IP=.133.31	2014-12-05T17:35:00-0800	143.0	699.0	0.0	21387.0	0.0	
T15-vHost03-cum3_ODD_IP=.133.33	2014-12-05T17:35:20-0800	50.0	399.0	0.0	21464.0	0.0	
T15-vHost02-cum3_ODD_IP=.133.32	2014-12-05T17:35:20-0800	216.0	999.0	0.0	32062.0	0.0	
T15-vHost01-cum3_ODD_IP=.133.31	2014-12-05T17:35:20-0800	156.0	699.0	0.0	32088.0	0.0	
T15-vHost03-cum3_ODD_IP=.133.33	2014-12-05T17:35:20-0800	68.0	399.0	0.0	32181.0	0.0	
T15-vHost02-cum3_ODD_IP=.133.32	2014-12-05T17:37:20-0800	122.0	1199.0	0.0	193.0	0.0	
T15-vHost01-cum3_ODD_IP=.133.31	2014-12-05T17:37:20-0800	77.0	699.0	0.0	193.0	0.0	
T15-vHost03-cum3_ODD_IP=.133.33	2014-12-05T17:37:20-0800	49.0	699.0	0.0	193.0	0.0	
T15-vHost02-cum3_ODD_IP=.133.32	2014-12-05T17:37:40-0800	100.0	1199.0	0.0	235.0	0.0	
T15-vHost01-cum3_ODD_IP=.133.31	2014-12-05T17:37:40-0800	93.0	699.0	0.0	236.0	0.0	
T15-vHost03-cum3_ODD_IP=.133.33	2014-12-05T17:37:40-0800	44.0	699.0	0.0	234.0	0.0	
T15-vHost02-cum3_ODD_IP=.133.32	2014-12-05T17:40:20-0800	131.0	1099.0	0.0	336.0	0.0	
T15-vHost01-cum3_ODD_IP=.133.31	2014-12-05T17:40:20-0800	64.0	899.0	0.0	342.0	0.0	
T15-vHost03-cum3_ODD_IP=.133.33	2014-12-05T17:40:20-0800	57.0	499.0	0.0	340.0	0.0	
T15-vHost02-cum3_ODD_IP=.133.32	2014-12-05T17:40:40-0800	100.0	1099.0	0.0	118.0	0.0	
T15-vHost01-cum3_ODD_IP=.133.31	2014-12-05T17:40:40-0800	76.0	899.0	0.0	117.0	0.0	
T15-vHost03-cum3_ODD_IP=.133.33	2014-12-05T17:41:00-0800	27.0	499.0	0.0	117.0	0.0	
T15-vHost02-cum3_ODD_IP=.133.32	2014-12-05T17:41:00-0800	106.0	1099.0	0.0	189.0	0.0	
T15-vHost01-cum3_ODD_IP=.133.31	2014-12-05T17:41:00-0800	84.0	899.0	0.0	189.0	0.0	
T15-vHost03-cum3_ODD_IP=.133.33	2014-12-05T17:41:00-0800	24.0	499.0	0.0	188.0	0.0	
T15-vHost02-cum3_ODD_IP=.133.32	2014-12-05T17:41:40-0800	134.0	1099.0	0.0	315.0	0.0	
T15-vHost02-cum3_ODD_IP=.133.32	2014-12-05T17:48:40-0800	127.0	1099.0	0.0	284.0	0.0	
T15-vHost01-cum3_ODD_IP=.133.31	2014-12-05T17:48:40-0800	80.0	799.0	0.0	284.0	0.0	
T15-vHost03-cum3_ODD_IP=.133.33	2014-12-05T17:48:40-0800	23.0	399.0	0.0	284.0	0.0	
T15-vHost02-cum3_ODD_IP=.133.32	2014-12-05T17:48:40-0800	127.0	1099.0	0.0	284.0	0.0	
T15-vHost01-cum3_ODD_IP=.133.31	2014-12-05T17:48:40-0800	80.0	799.0	0.0	284.0	0.0	
T15-vHost03-cum3_ODD_IP=.133.33	2014-12-05T17:48:40-0800	23.0	399.0	0.0	284.0	0.0	
T15-vHost02-cum3_ODD_IP=.133.32	2014-12-05T17:48:40-0800	127.0	1099.0	0.0	284.0	0.0	
T15-vHost01-cum3_ODD_IP=.133.31	2014-12-05T17:48:40-0800	80.0	799.0	0.0	284.0	0.0	
T15-vHost03-cum3_ODD_IP=.133.33	2014-12-05T17:48:40-0800	23.0	399.0	0.0	284.0	0.0	
T15-vHost02-cum3_ODD_IP=.133.32	2014-12-05T17:49:00-0800	122.0	1099.0	0.0	509.0	0.0	
T15-vHost01-cum3_ODD_IP=.133.31	2014-12-05T17:49:00-0800	109.0	799.0	0.0	509.0	0.0	
T15-vHost03-cum3_ODD_IP=.133.33	2014-12-05T17:49:00-0800	24.0	699.0	0.0	507.0	0.0	
T15-vHost02-cum3_ODD_IP=.133.32	2014-12-05T18:13:20-0800	82.0	1599.0	0.0	361.0	0.0	
T15-vHost01-cum3_ODD_IP=.133.31	2014-12-05T18:13:20-0800	112.0	899.0	0.0	2511.0	0.0	
T15-vHost03-cum3_ODD_IP=.133.33	2014-12-05T18:13:20-0800	84.0	599.0	0.0	2511.0	0.0	
T15-vHost02-cum3_ODD_IP=.133.32	2014-12-05T18:22:20-0800	130.0	1399.0	0.0	321.0	0.0	
T15-vHost01-cum3_ODD_IP=.133.31	2014-12-05T18:22:20-0800	100.0	1599.0	0.0	320.0	0.0	
T15-vHost03-cum3_ODD_IP=.133.33	2014-12-05T18:22:20-0800	56.0	399.0	0.0	320.0	0.0	
T15-vHost02-cum3_ODD_IP=.133.32	2014-12-05T18:22:40-0800	130.0	1399.0	0.0	321.0	0.0	
T15-vHost01-cum3_ODD_IP=.133.31	2014-12-05T18:22:40-0800	87.0	1599.0	0.0	431.0	0.0	
T15-vHost03-cum3_ODD_IP=.133.33	2014-12-05T18:22:40-0800	29.0	399.0	0.0	431.0	0.0	
T15-vHost02-cum3_ODD_IP=.133.32	2014-12-05T18:22:40-0800	159.0	1099.0	0.0	431.0	0.0	
T15-vHost01-cum3_ODD_IP=.133.31	2014-12-05T18:22:40-0800	87.0	1599.0	0.0	431.0	0.0	
T15-vHost03-cum3_ODD_IP=.133.33	2014-12-05T18:22:40-0800	29.0	399.0	0.0	431.0	0.0	
T15-vHost02-cum3_ODD_IP=.133.32	2014-12-05T18:25:00-0800	111.0	1399.0	0.0	178.0	0.0	
T15-vHost01-cum3_ODD_IP=.133.31	2014-12-05T18:25:00-0800	82.0	1599.0	0.0	177.0	0.0	
T15-vHost03-cum3_ODD_IP=.133.33	2014-12-05T18:25:00-0800	31.0	499.0	0.0	177.0	0.0	
T15-vHost02-cum3_ODD_IP=.133.32	2014-12-05T18:27:40-0800	134.0	1099.0	0.0	172.0	0.0	
T15-vHost01-cum3_ODD_IP=.133.31	2014-12-05T18:27:40-0800	66.0	999.0	0.0	172.0	0.0	
T15-vHost03-cum3_ODD_IP=.133.33	2014-12-05T18:27:40-0800	37.0	299.0	0.0	172.0	0.0	
T15-vHost02-cum3_ODD_IP=.133.32	2014-12-05T18:28:00-0800	134.0	1099.0	0.0	172.0	0.0	
T15-vHost01-cum3_ODD_IP=.133.31	2014-12-05T18:28:00-0800	66.0	999.0	0.0	172.0	0.0	
T15-vHost03-cum3_ODD_IP=.133.33	2014-12-05T18:28:00-0800	37.0	299.0	0.0	172.0	0.0	
T15-vHost02-cum3_ODD_IP=.133.32	2014-12-05T18:28:00-0800	125.0	1699.0	0.0	176.0	0.0	
T15-vHost01-cum3_ODD_IP=.133.31	2014-12-05T18:28:00-0800	75.0	899.0	0.0	175.0	0.0	
T15-vHost03-cum3_ODD_IP=.133.33	2014-12-05T18:28:00-0800	37.0	299.0	0.0	175.0	0.0	
T15-vHost02-cum3_ODD_IP=.133.32	2014-12-05T18:28:00-0800	125.0	1699.0	0.0	176.0	0.0	
T15-vHost01-cum3_ODD_IP=.133.31	2014-12-05T18:28:00-0800	75.0	899.0	0.0	175.0	0.0	
T15-vHost03-cum3_ODD_IP=.133.33	2014-12-05T18:28:00-0800	37.0	299.0	0.0	175.0	0.0	
T15-vHost02-cum3_ODD_IP=.133.32	2014-12-05T18:28:20-0800	125.0	1699.0	0.0	176.0	0.0	
T15-vHost01-cum3_ODD_IP=.133.31	2014-12-05T18:28:20-0800	75.0	899.0	0.0	175.0	0.0	
T15-vHost03-cum3_ODD_IP=.133.33	2014-12-05T18:28:20-0800	41.0	299.0	0.0	106.0	0.0	
T15-vHost02-cum3_ODD_IP=.133.32	2014-12-05T18:28:20-0800	122.0	1699.0	0.0	107.0	0.0	
T15-vHost01-cum3_ODD_IP=.133.31	2014-12-05T18:28:20-0800	85.0	899.0	0.0	107.0	0.0	
T15-vHost03-cum3_ODD_IP=.133.33	2014-12-05T18:28:20-0800	41.0	299.0	0.0	106.0	0.0	
T15-vHost02-cum3_ODD_IP=.133.32	2014-12-05T18:28:20-0800	122.0	1699.0	0.0	107.0	0.0	
T15-vHost01-cum3_ODD_IP=.133.31	2014-12-05T18:28:20-0800	85.0	899.0	0.0	107.0	0.0	
T15-vHost03-cum3_ODD_IP=.133.33	2014-12-05T18:28:20-0800	41.0	299.0	0.0	106.0	0.0	
T15-vHost02-cum3_ODD_IP=.133.32	2014-12-05T18:28:40-0800	122.0	1699.0	0.0	107.0	0.0	
T15-vHost01-cum3_ODD_IP=.133.31	2014-12-05T18:28:40-0800	85.0	899.0	0.0	107.0	0.0	
T15-vHost03-cum3_ODD_IP=.133.33	2014-12-05T18:28:40-0800	41.0	299.0	0.0	106.0	0.0	
T15-vHost02-cum3_ODD_IP=.133.32	2014-12-05T18:28:40-0800	117.0	1699.0	0.0	172.0	0.0	
T15-vHost01-cum3_ODD_IP=.133.31	2014-12-05T18:28:40-0800	248.0	899.0	0.0	173.0	0.0	
T15-vHost03-cum3_ODD_IP=.133.33	2014-12-05T18:28:40-0800	46.0	499.0	0.0	172.0	0.0	
T15-vHost02-cum3_ODD_IP=.133.32	2014-12-05T18:28:40-0800	117.0	1699.0	0.0	172.0	0.0	
T15-vHost01-cum3_ODD_IP=.133.31	2014-12-05T18:28:40-0800	248.0	899.0	0.0	173.0	0.0	
T15-vHost03-cum3_ODD_IP=.133.33	2014-12-05T18:28:40-0800	46.0	499.0	0.0	172.0	0.0	
T15-vHost02-cum3_ODD_IP=.133.32	2014-12-05T18:29:00-0800	117.0	1699.0	0.0	172.0	0.0	
T15-vHost01-cum3_ODD_IP=.133.31	2014-12-05T18:29:00-0800	248.0	899.0	0.0	173.0	0.0	
T15-vHost03-cum3_ODD_IP=.133.33	2014-12-05T18:29:00-0800	45.0	599.0	0.0	318.0	0.0	
T15-vHost02-cum3_ODD_IP=.133.32	2014-12-05T18:29:00-0800	91.0	1399.0	0.0	319.0	0.0	
T15-vHost01-cum3_ODD_IP=.133.31	2014-12-05T18:29:00-0800	260.0	899.0	0.0	320.0	0.0	
T15-vHost03-cum3_ODD_IP=.133.33	2014-12-05T18:29:00-0800	45.0	599.0	0.0	318.0	0.0	
T15-vHost02-cum3_ODD_IP=.133.32	2014-12-05T18:29:00-0800	91.0	1399.0	0.0	319.0	0.0	
T15-vHost01-cum3_ODD_IP=.133.31	2014-12-05T18:29:00-0800	260.0	899.0	0.0	320.0	0.0	
T15-vHost03-cum3_ODD_IP=.133.33	2014-12-05T18:29:00-0800	45.0	599.0	0.0	318.0	0.0	
T15-vHost02-cum3_ODD_IP=.133.32	2014-12-05T18:29:20-0800	91.0	1399.0	0.0	319.0	0.0	
T15-vHost01-cum3_ODD_IP=.133.31	2014-12-05T18:29:20-0800	260.0	899.0	0.0	320.0	0.0	
T15-vHost03-cum3_ODD_IP=.133.33	2014-12-05T18:29:20-0800	51.0	599.0	0.0	591.0	0.0	
T15-vHost02-cum3_ODD_IP=.133.32	2014-12-05T18:29:20-0800	141.0	1399.0	0.0	592.0	0.0	
T15-vHost01-cum3_ODD_IP=.133.31	2014-12-05T18:29:20-0800	94.0	899.0	0.0	591.0	0.0	
T15-vHost03-cum3_ODD_IP=.133.33	2014-12-05T18:29:20-0800	51.0	599.0	0.0	591.0	0.0	
T15-vHost02-cum3_ODD_IP=.133.32	2014-12-05T18:29:20-0800	141.0	1399.0	0.0	592.0	0.0	
T15-vHost01-cum3_ODD_IP=.133.31	2014-12-05T18:29:20-0800	94.0	899.0	0.0	591.0	0.0	
T15-vHost03-cum3_ODD_IP=.133.33	2014-12-05T18:29:20-0800	51.0	599.0	0.0	591.0	0.0	
T15-vHost02-cum3_ODD_IP=.133.32	2014-12-05T18:29:40-0800	141.0	1399.0	0.0	592.0	0.0	
T15-vHost01-cum3_ODD_IP=.133.31	2014-12-05T18:29:40-0800	67.0	899.0	0.0	140.0	0.0	
T15-vHost03-cum3_ODD_IP=.133.33	2014-12-05T18:29:40-0800	51.0	599.0	0.0	591.0	0.0	
T15-vHost02-cum3_ODD_IP=.133.32	2014-12-05T18:29:40-0800	125.0	1299.0	0.0	140.0	0.0	
T15-vHost01-cum3_ODD_IP=.133.31	2014-12-05T18:29:40-0800	67.0	899.0	0.0	140.0	0.0	
T15-vHost03-cum3_ODD_IP=.133.33	2014-12-05T18:29:40-0800	39.0	599.0	0.0	138.0	0.0	
T15-vHost02-cum3_ODD_IP=.133.32	2014-12-05T18:29:40-0800	125.0	1299.0	0.0	140.0	0.0	
T15-vHost01-cum3_ODD_IP=.133.31	2014-12-05T18:29:40-0800	67.0	899.0	0.0	140.0	0.0	
T15-vHost03-cum3_ODD_IP=.133.33	2014-12-05T18:29:40-0800	39.0	599.0	0.0	138.0	0.0	
T15-vHost02-cum3_ODD_IP=.133.32	2014-12-05T18:30:00-0800	125.0	1299.0	0.0	140.0	0.0	
T15-vHost01-cum3_ODD_IP=.133.31	2014-12-05T18:30:00-0800	67.0	899.0	0.0	140.0	0.0	
T15-vHost03-cum3_ODD_IP=.133.33	2014-12-05T18:30:00-0800	39.0	599.0	0.0	138.0	0.0	
T15-vHost02-cum3_ODD_IP=.133.32	2014-12-05T18:30:00-0800	113.0	1299.0	0.0	800.0	0.0	
T15-vHost01-cum3_ODD_IP=.133.31	2014-12-05T18:30:00-0800	75.0	899.0	0.0	800.0	0.0	
T15-vHost03-cum3_ODD_IP=.133.33	2014-12-05T18:30:00-0800	40.0	399.0	0.0	799.0	0.0	
T15-vHost02-cum3_ODD_IP=.133.32	2014-12-05T18:42:20-0800	199.0	999.0	0.0	13108.0	0.0	
T15-vHost01-cum3_ODD_IP=.133.31	2014-12-05T18:42:20-0800	160.0	2099.0	0.0	13043.0	0.0	
T15-vHost03-cum3_ODD_IP=.133.33	2014-12-05T18:42:20-0800	86.0	299.0	0.0	13237.0	0.0	
T15-vHost02-cum3_ODD_IP=.133.32	2014-12-05T18:42:40-0800	191.0	999.0	0.0	9303.0	0.0	
T15-vHost01-cum3_ODD_IP=.133.31	2014-12-05T18:42:40-0800	165.0	2099.0	0.0	9279.0	0.0	
T15-vHost03-cum3_ODD_IP=.133.33	2014-12-05T18:42:40-0800	174.0	299.0	0.0	9408.0	0.0	
T15-vHost02-cum3_ODD_IP=.133.32	2014-12-05T18:43:20-0800	113.0	899.0	0.0	11574.0	0.0	
T15-vHost01-cum3_ODD_IP=.133.31	2014-12-05T18:43:20-0800	130.0	2399.0	0.0	11646.0	0.0	
T15-vHost03-cum3_ODD_IP=.133.33	2014-12-05T18:43:20-0800	94.0	599.0	0.0	11622.0	0.0	
T15-vHost02-cum3_ODD_IP=.133.32	2014-12-05T19:36:20-0800	160.0	1299.0	0.0	1043.0	0.0	
T15-vHost01-cum3_ODD_IP=.133.31	2014-12-05T19:36:20-0800	78.0	1499.0	0.0	1043.0	0.0	
T15-vHost03-cum3_ODD_IP=.133.33	2014-12-05T19:36:20-0800	60.0	499.0	0.0	1041.0	0.0	
T15-vHost02-cum3_ODD_IP=.133.32	2014-12-05T19:36:40-0800	190.0	1299.0	0.0	1259.0	0.0	
T15-vHost01-cum3_ODD_IP=.133.31	2014-12-05T19:36:40-0800	97.0	1499.0	0.0	1233.0	0.0	
T15-vHost03-cum3_ODD_IP=.133.33	2014-12-05T19:36:40-0800	101.0	499.0	0.0	1253.0	0.0	
T15-vHost02-cum3_ODD_IP=.133.32	2014-12-05T19:36:40-0800	190.0	1299.0	0.0	1259.0	0.0	
T15-vHost01-cum3_ODD_IP=.133.31	2014-12-05T19:36:40-0800	97.0	1499.0	0.0	1233.0	0.0	
T15-vHost03-cum3_ODD_IP=.133.33	2014-12-05T19:36:40-0800	101.0	499.0	0.0	1253.0	0.0	
T15-vHost02-cum3_ODD_IP=.133.32	2014-12-05T19:37:00-0800	190.0	1299.0	0.0	1259.0	0.0	
T15-vHost01-cum3_ODD_IP=.133.31	2014-12-05T19:37:00-0800	97.0	1499.0	0.0	1233.0	0.0	
