T15-VM01-Ubu	Mon Nov 24 12:43:20 PST 2014	154.0	899.0	0.0	22.0	0.0	
T15-VM01-Ubu	Mon Nov 24 12:43:20 PST 2014	154.0	899.0	0.0	22.0	0.0	
T15-VM01-Ubu	Mon Nov 24 12:43:20 PST 2014	154.0	899.0	0.0	22.0	0.0	
T15-VM01-Ubu	Mon Nov 24 12:43:40 PST 2014	154.0	899.0	0.0	22.0	0.0	
T15-VM01-Ubu	Mon Nov 24 12:43:40 PST 2014	177.0	1199.0	0.0	21.0	0.0	
T15-VM01-Ubu	Mon Nov 24 12:43:40 PST 2014	177.0	1199.0	0.0	21.0	0.0	
T15-VM01-Ubu	Mon Nov 24 12:43:40 PST 2014	177.0	1199.0	0.0	21.0	0.0	
T15-VM01-Ubu	Mon Nov 24 12:44:00 PST 2014	177.0	1199.0	0.0	21.0	0.0	
T15-VM01-Ubu	Mon Nov 24 12:44:00 PST 2014	197.0	1199.0	0.0	22.0	0.0	
T15-VM01-Ubu	Mon Nov 24 12:44:00 PST 2014	197.0	1199.0	0.0	22.0	0.0	
T15-VM01-Ubu	Mon Nov 24 12:44:00 PST 2014	197.0	1199.0	0.0	22.0	0.0	
T15-VM01-Ubu	Mon Nov 24 12:44:20 PST 2014	996.0	1399.0	0.0	22.0	0.0	
T15-VM01-Ubu	Mon Nov 24 12:44:20 PST 2014	996.0	1399.0	0.0	22.0	0.0	
T15-VM01-Ubu	Mon Nov 24 12:44:20 PST 2014	996.0	1399.0	0.0	22.0	0.0	
T15-VM01-Ubu	Mon Nov 24 12:44:20 PST 2014	996.0	1399.0	0.0	22.0	0.0	
T15-VM01-Ubu	Mon Nov 24 12:44:40 PST 2014	216.0	1799.0	0.0	18.0	0.0	
T15-VM01-Ubu	Mon Nov 24 12:44:40 PST 2014	216.0	1799.0	0.0	18.0	0.0	
T15-VM01-Ubu	Mon Nov 24 12:44:40 PST 2014	216.0	1799.0	0.0	18.0	0.0	
T15-VM01-Ubu	Mon Nov 24 12:45:00 PST 2014	216.0	1799.0	0.0	18.0	0.0	
T15-VM01-Ubu	Mon Nov 24 12:45:00 PST 2014	217.0	1799.0	0.0	21.0	0.0	
T15-VM01-Ubu	Mon Nov 24 12:45:00 PST 2014	217.0	1799.0	0.0	21.0	0.0	
T15-VM01-Ubu	Mon Nov 24 12:45:00 PST 2014	217.0	1799.0	0.0	21.0	0.0	
T15-VM01-Ubu	Mon Nov 24 12:45:20 PST 2014	217.0	1799.0	0.0	21.0	0.0	
T15-VM01-Ubu	Mon Nov 24 12:45:20 PST 2014	271.0	1799.0	0.0	21.0	0.0	
T15-VM01-Ubu	Mon Nov 24 12:45:20 PST 2014	271.0	1799.0	0.0	21.0	0.0	
T15-VM01-Ubu	Mon Nov 24 12:45:20 PST 2014	271.0	1799.0	0.0	21.0	0.0	
T15-VM01-Ubu	Mon Nov 24 12:45:40 PST 2014	-1.0	-1.0	0.0	-1.0	0.0	
T15-VM01-Ubu	Mon Nov 24 12:45:40 PST 2014	351.0	1799.0	0.0	22.0	0.0	
T15-VM01-Ubu	Mon Nov 24 12:45:40 PST 2014	351.0	1799.0	0.0	22.0	0.0	
T15-VM01-Ubu	Mon Nov 24 12:45:40 PST 2014	351.0	1799.0	0.0	22.0	0.0	
T15-VM01-Ubu	Mon Nov 24 12:46:00 PST 2014	258.0	2399.0	0.0	21.0	0.0	
T15-VM01-Ubu	Mon Nov 24 12:46:00 PST 2014	258.0	2399.0	0.0	21.0	0.0	
T15-VM01-Ubu	Mon Nov 24 12:46:00 PST 2014	258.0	2399.0	0.0	21.0	0.0	
T15-VM01-Ubu	Mon Nov 24 12:46:00 PST 2014	258.0	2399.0	0.0	21.0	0.0	
T15-VM01-Ubu	Mon Nov 24 12:46:20 PST 2014	258.0	2399.0	0.0	18.0	0.0	
T15-VM01-Ubu	Mon Nov 24 12:47:00 PST 2014	133.0	2399.0	0.0	21.0	0.0	
T15-VM01-Ubu	Mon Nov 24 12:47:00 PST 2014	133.0	2399.0	0.0	21.0	0.0	
T15-VM01-Ubu	Mon Nov 24 12:47:20 PST 2014	129.0	2399.0	0.0	20.0	0.0	
T15-VM01-Ubu	Mon Nov 24 12:47:20 PST 2014	129.0	2399.0	0.0	20.0	0.0	
T15-VM01-Ubu	Mon Nov 24 12:47:20 PST 2014	129.0	2399.0	0.0	20.0	0.0	
T15-VM01-Ubu	Mon Nov 24 12:47:40 PST 2014	127.0	2399.0	0.0	21.0	0.0	
T15-VM01-Ubu	Mon Nov 24 12:47:40 PST 2014	127.0	2399.0	0.0	21.0	0.0	
T15-VM01-Ubu	Mon Nov 24 12:47:40 PST 2014	127.0	2399.0	0.0	21.0	0.0	
T15-VM01-Ubu	Mon Nov 24 12:48:00 PST 2014	127.0	2399.0	0.0	21.0	0.0	
T15-VM01-Ubu	Mon Nov 24 12:48:00 PST 2014	123.0	2399.0	0.0	21.0	0.0	
T15-VM01-Ubu	Mon Nov 24 12:48:00 PST 2014	123.0	2399.0	0.0	21.0	0.0	
T15-VM01-Ubu	Mon Nov 24 12:48:00 PST 2014	123.0	2399.0	0.0	21.0	0.0	
T15-VM01-Ubu	Mon Nov 24 12:48:20 PST 2014	123.0	2399.0	0.0	21.0	0.0	
T15-VM01-Ubu	Mon Nov 24 12:48:20 PST 2014	131.0	2399.0	0.0	18.0	0.0	
T15-VM01-Ubu	Mon Nov 24 12:48:20 PST 2014	131.0	2399.0	0.0	18.0	0.0	
T15-VM03-Ubu	Mon Nov 24 12:49:00 PST 2014	39.0	199.0	0.0	0.0	0.0	
T15-VM03-Ubu	Mon Nov 24 12:49:00 PST 2014	39.0	199.0	0.0	0.0	0.0	
T15-VM03-Ubu	Mon Nov 24 12:49:00 PST 2014	39.0	199.0	0.0	0.0	0.0	
T15-VM03-Ubu	Mon Nov 24 12:49:20 PST 2014	39.0	199.0	0.0	0.0	0.0	
T15-VM03-Ubu	Mon Nov 24 12:49:20 PST 2014	37.0	199.0	0.0	0.0	0.0	
T15-VM03-Ubu	Mon Nov 24 12:49:20 PST 2014	37.0	199.0	0.0	0.0	0.0	
T15-VM03-Ubu	Mon Nov 24 12:49:20 PST 2014	37.0	199.0	0.0	0.0	0.0	
T15-VM03-Ubu	Mon Nov 24 12:49:40 PST 2014	31.0	199.0	0.0	0.0	0.0	
T15-VM03-Ubu	Mon Nov 24 12:49:40 PST 2014	31.0	199.0	0.0	0.0	0.0	
T15-VM03-Ubu	Mon Nov 24 12:49:40 PST 2014	31.0	199.0	0.0	0.0	0.0	
T15-VM03-Ubu	Mon Nov 24 12:49:40 PST 2014	31.0	199.0	0.0	0.0	0.0	
T15-VM03-Ubu	Mon Nov 24 12:50:00 PST 2014	31.0	199.0	0.0	0.0	0.0	
T15-VM03-Ubu	Mon Nov 24 12:50:00 PST 2014	31.0	199.0	0.0	0.0	0.0	
T15-VM03-Ubu	Mon Nov 24 12:50:00 PST 2014	31.0	199.0	0.0	0.0	0.0	
T15-VM03-Ubu	Mon Nov 24 12:50:20 PST 2014	49.0	199.0	0.0	0.0	0.0	
T15-VM03-Ubu	Mon Nov 24 12:50:20 PST 2014	49.0	199.0	0.0	0.0	0.0	
T15-VM03-Ubu	Mon Nov 24 12:50:20 PST 2014	49.0	199.0	0.0	0.0	0.0	
T15-VM03-Ubu	Mon Nov 24 12:50:40 PST 2014	49.0	199.0	0.0	0.0	0.0	
T15-VM03-Ubu	Mon Nov 24 12:50:40 PST 2014	29.0	199.0	0.0	0.0	0.0	
T15-VM03-Ubu	Mon Nov 24 12:50:40 PST 2014	29.0	199.0	0.0	0.0	0.0	
T15-VM03-Ubu	Mon Nov 24 12:50:40 PST 2014	29.0	199.0	0.0	0.0	0.0	
T15-VM03-Ubu	Mon Nov 24 12:51:00 PST 2014	29.0	199.0	0.0	0.0	0.0	
T15-VM03-Ubu	Mon Nov 24 12:51:00 PST 2014	31.0	199.0	0.0	0.0	0.0	
T15-VM03-Ubu	Mon Nov 24 12:51:00 PST 2014	31.0	199.0	0.0	0.0	0.0	
T15-VM03-Ubu	Mon Nov 24 12:51:00 PST 2014	31.0	199.0	0.0	0.0	0.0	
T15-VM03-Ubu	Mon Nov 24 12:51:20 PST 2014	35.0	399.0	0.0	0.0	0.0	
T15-VM03-Ubu	Mon Nov 24 12:51:20 PST 2014	35.0	399.0	0.0	0.0	0.0	
T15-VM03-Ubu	Mon Nov 24 12:51:20 PST 2014	35.0	399.0	0.0	0.0	0.0	
T15-VM03-Ubu	Mon Nov 24 12:51:20 PST 2014	35.0	399.0	0.0	0.0	0.0	
T15-VM03-Ubu	Mon Nov 24 12:52:40 PST 2014	36.0	399.0	0.0	0.0	0.0	
T15-VM03-Ubu	Mon Nov 24 12:52:40 PST 2014	36.0	399.0	0.0	0.0	0.0	
T15-VM03-Ubu	Mon Nov 24 12:53:00 PST 2014	31.0	199.0	0.0	0.0	0.0	
T15-VM03-Ubu	Mon Nov 24 12:53:00 PST 2014	31.0	199.0	0.0	0.0	0.0	
T15-VM03-Ubu	Mon Nov 24 12:53:00 PST 2014	31.0	199.0	0.0	0.0	0.0	
T15-VM03-Ubu	Thu Nov 27 19:37:40 PST 2014	-1.0	-1.0	0.0	-1.0	0.0	
T15-VM03-Ubu	Thu Nov 27 19:37:40 PST 2014	20.0	99.0	0.0	0.0	0.0	
T15-VM03-Ubu	Thu Nov 27 19:37:40 PST 2014	20.0	99.0	0.0	0.0	0.0	
T15-VM03-Ubu	Thu Nov 27 19:38:00 PST 2014	20.0	99.0	0.0	0.0	0.0	
T15-VM03-Ubu	Thu Nov 27 19:38:00 PST 2014	20.0	199.0	0.0	0.0	0.0	
T15-VM03-Ubu	Thu Nov 27 19:38:00 PST 2014	20.0	199.0	0.0	0.0	0.0	
T15-VM03-Ubu	Thu Nov 27 19:38:00 PST 2014	20.0	199.0	0.0	0.0	0.0	
T15-VM03-Ubu	Thu Nov 27 19:38:20 PST 2014	20.0	199.0	0.0	0.0	0.0	
T15-VM03-Ubu	Thu Nov 27 19:38:20 PST 2014	19.0	199.0	0.0	0.0	0.0	
T15-VM03-Ubu	Thu Nov 27 19:38:20 PST 2014	19.0	199.0	0.0	0.0	0.0	
T15-VM03-Ubu	Thu Nov 27 19:38:20 PST 2014	19.0	199.0	0.0	0.0	0.0	
T15-VM03-Ubu	Thu Nov 27 19:38:40 PST 2014	19.0	199.0	0.0	0.0	0.0	
T15-VM03-Ubu	Thu Nov 27 19:38:40 PST 2014	21.0	199.0	0.0	0.0	0.0	
T15-VM03-Ubu	Thu Nov 27 19:38:40 PST 2014	21.0	199.0	0.0	0.0	0.0	
T15-VM03-Ubu	Thu Nov 27 19:38:40 PST 2014	21.0	199.0	0.0	0.0	0.0	
T15-VM03-Ubu	Thu Nov 27 19:39:00 PST 2014	21.0	199.0	0.0	0.0	0.0	
T15-VM03-Ubu	Thu Nov 27 19:39:00 PST 2014	19.0	199.0	0.0	0.0	0.0	
T15-VM03-Ubu	Thu Nov 27 19:39:00 PST 2014	19.0	199.0	0.0	0.0	0.0	
T15-VM03-Ubu	Thu Nov 27 19:39:20 PST 2014	19.0	199.0	0.0	0.0	0.0	
T15-VM03-Ubu	Thu Nov 27 19:39:20 PST 2014	-1.0	-1.0	0.0	-1.0	0.0	
T15-VM03-Ubu	Thu Nov 27 19:39:20 PST 2014	20.0	199.0	0.0	0.0	0.0	
T15-VM03-Ubu	Thu Nov 27 19:39:20 PST 2014	20.0	199.0	0.0	0.0	0.0	
T15-VM03-Ubu	Thu Nov 27 19:39:40 PST 2014	20.0	199.0	0.0	0.0	0.0	
T15-VM03-Ubu	Thu Nov 27 19:39:40 PST 2014	21.0	199.0	0.0	0.0	0.0	
T15-VM03-Ubu	Thu Nov 27 19:39:40 PST 2014	21.0	199.0	0.0	0.0	0.0	
T15-VM03-Ubu	Thu Nov 27 19:39:40 PST 2014	21.0	199.0	0.0	0.0	0.0	
T15-VM03-Ubu	Thu Nov 27 19:40:00 PST 2014	21.0	199.0	0.0	0.0	0.0	
T15-VM03-Ubu	Thu Nov 27 19:40:00 PST 2014	47.0	199.0	0.0	-1.0	0.0	
T15-VM03-Ubu	Thu Nov 27 19:40:00 PST 2014	47.0	199.0	0.0	-1.0	0.0	
T15-VM03-Ubu	Thu Nov 27 19:40:00 PST 2014	47.0	199.0	0.0	-1.0	0.0	
T15-VM03-Ubu	Thu Nov 27 19:40:20 PST 2014	47.0	199.0	0.0	-1.0	0.0	
T15-VM03-Ubu	Thu Nov 27 19:40:20 PST 2014	35.0	199.0	0.0	-1.0	0.0	
T15-VM03-Ubu	Thu Nov 27 19:40:20 PST 2014	35.0	199.0	0.0	-1.0	0.0	
T15-VM03-Ubu	Thu Nov 27 19:40:20 PST 2014	35.0	199.0	0.0	-1.0	0.0	
T15-VM03-Ubu	Thu Nov 27 19:40:40 PST 2014	35.0	199.0	0.0	-1.0	0.0	
T15-VM03-Ubu	Thu Nov 27 19:40:40 PST 2014	18.0	199.0	0.0	-1.0	0.0	
T15-VM03-Ubu	Thu Nov 27 19:40:40 PST 2014	18.0	199.0	0.0	-1.0	0.0	
T15-VM03-Ubu	Thu Nov 27 19:41:00 PST 2014	18.0	199.0	0.0	-1.0	0.0	
T15-VM03-Ubu	Thu Nov 27 19:41:00 PST 2014	-1.0	-1.0	0.0	-1.0	0.0	
T15-VM03-Ubu	Thu Nov 27 19:41:00 PST 2014	15.0	199.0	0.0	-1.0	0.0	
T15-VM03-Ubu	Thu Nov 27 19:41:00 PST 2014	15.0	199.0	0.0	-1.0	0.0	
T15-VM02-Ubu	2014-11-27T20:53Z	95.0	99.0	0.0	0.0	0.0	
T15-VM02-Ubu	2014-11-27T20:53Z	95.0	99.0	0.0	0.0	0.0	
T15-VM02-Ubu	2014-11-27T20:54Z	90.0	0.0	0.0	0.0	0.0	
T15-VM02-Ubu	2014-11-27T20:54Z	79.0	99.0	0.0	0.0	0.0	
T15-VM02-Ubu	2014-11-27T20:57:12Z	78.0	99.0	0.0	0.0	0.0	
T15-VM02-Ubu	2014-11-27T20:57:12Z	78.0	99.0	0.0	0.0	0.0	
T15-VM02-Ubu	2014-11-27T20:57:12Z	78.0	99.0	0.0	0.0	0.0	
T15-VM02-Ubu	2014-11-27T20:57:12Z	82.0	99.0	0.0	0.0	0.0	
T15-VM02-Ubu	2014-11-27T20:57:12Z	82.0	99.0	0.0	0.0	0.0	
T15-VM02-Ubu	2014-11-27T20:57:12Z	82.0	99.0	0.0	0.0	0.0	
T15-VM02-Ubu	2014-11-27T20:57:12Z	-1.0	-1.0	0.0	-1.0	0.0	
T15-VM02-Ubu	2014-11-27T20:57:12Z	72.0	99.0	0.0	0.0	0.0	
T15-VM02-Ubu	2014-11-27T20:57:12Z	72.0	99.0	0.0	0.0	0.0	
T15-VM02-Ubu	2014-11-27T20:57:12Z	72.0	99.0	0.0	0.0	0.0	
T15-VM02-Ubu	2014-11-27T20:57:12Z	86.0	99.0	0.0	0.0	0.0	
T15-VM02-Ubu	2014-11-27T20:57:12Z	86.0	99.0	0.0	0.0	0.0	
T15-VM02-Ubu	2014-11-27T20:57:12Z	86.0	99.0	0.0	0.0	0.0	
T15-VM02-Ubu	2014-11-27T20:57:12Z	86.0	99.0	0.0	0.0	0.0	
T15-VM02-Ubu	2014-11-27T20:57:12Z	84.0	99.0	0.0	0.0	0.0	
T15-VM02-Ubu	2014-11-27T20:57:12Z	84.0	99.0	0.0	0.0	0.0	
T15-VM02-Ubu	2014-11-27T20:57:12Z	84.0	99.0	0.0	0.0	0.0	
T15-VM02-Ubu	2014-11-27T20:57:12Z	84.0	99.0	0.0	0.0	0.0	
T15-VM02-Ubu	2014-11-27T20:57:12Z	77.0	99.0	0.0	0.0	0.0	
T15-VM02-Ubu	2014-11-27T20:57:12Z	77.0	99.0	0.0	0.0	0.0	
T15-VM02-Ubu	2014-11-27T20:57:12Z	77.0	99.0	0.0	0.0	0.0	
T15-VM02-Ubu	2014-11-27T20:57:12Z	77.0	99.0	0.0	0.0	0.0	
T15-VM02-Ubu	2014-11-27T20:57:12Z	89.0	99.0	0.0	0.0	0.0	
T15-VM02-Ubu	2014-11-27T20:57:12Z	89.0	99.0	0.0	0.0	0.0	
T15-VM02-Ubu	2014-11-27T20:57:12Z	89.0	99.0	0.0	0.0	0.0	
T15-VM02-Ubu	2014-11-27T20:57:12Z	-1.0	-1.0	0.0	-1.0	0.0	
T15-VM02-Ubu	2014-11-27T20:57:12Z	85.0	99.0	0.0	0.0	0.0	
T15-VM02-Ubu	2014-11-27T21:23:04Z	82.0	299.0	0.0	0.0	0.0	
T15-VM02-Ubu	2014-11-27T21:23:04Z	82.0	299.0	0.0	0.0	0.0	
T15-VM02-Ubu	2014-11-27T21:23:04Z	82.0	299.0	0.0	0.0	0.0	
T15-VM02-Ubu	2014-11-27T21:23:04Z	82.0	299.0	0.0	0.0	0.0	
T15-VM02-Ubu	2014-11-27T21:23:04Z	103.0	99.0	0.0	0.0	0.0	
T15-VM02-Ubu	2014-11-27T21:23:04Z	103.0	99.0	0.0	0.0	0.0	
T15-VM02-Ubu	2014-11-27T21:23:04Z	103.0	99.0	0.0	0.0	0.0	
T15-VM02-Ubu	2014-11-27T21:23:04Z	103.0	99.0	0.0	0.0	0.0	
T15-VM02-Ubu	2014-11-27T21:23:04Z	94.0	99.0	0.0	0.0	0.0	
T15-VM02-Ubu	2014-11-27T21:23:04Z	94.0	99.0	0.0	0.0	0.0	
T15-VM02-Ubu	2014-11-27T21:23:04Z	94.0	99.0	0.0	0.0	0.0	
T15-VM02-Ubu	2014-11-27T21:23:04Z	94.0	99.0	0.0	0.0	0.0	
T15-VM02-Ubu	2014-11-27T21:23:04Z	79.0	99.0	0.0	0.0	0.0	
T15-VM02-Ubu	2014-11-27T21:48:56-0800	940.0	99.0	0.0	0.0	0.0	
T15-VM02-Ubu	2014-11-27T21:48:56-0800	940.0	99.0	0.0	0.0	0.0	
T15-VM02-Ubu	2014-11-27T21:48:56-0800	491.0	99.0	0.0	0.0	0.0	
T15-VM02-Ubu	2014-11-27T22:10:58-0800	362.0	299.0	0.0	0.0	0.0	
T15-VM02-Ubu	2014-11-27T22:10:58-0800	991.0	299.0	0.0	0.0	0.0	
T15-VM02-Ubu	2014-11-27T22:10:58-0800	991.0	299.0	0.0	0.0	0.0	
T15-VM02-Ubu	2014-11-27T22:10:58-0800	991.0	299.0	0.0	0.0	0.0	
T15-VM02-Ubu	2014-11-27T22:10:58-0800	991.0	299.0	0.0	0.0	0.0	
T15-VM02-Ubu	2014-11-27T22:10:58-0800	387.0	299.0	0.0	0.0	0.0	
T15-VM02-Ubu	2014-11-27T22:10:58-0800	387.0	299.0	0.0	0.0	0.0	
T15-VM02-Ubu	2014-11-27T22:12:20-0800	423.0	299.0	0.0	0.0	0.0	
T15-VM02-Ubu	2014-11-27T22:12:20-0800	423.0	299.0	0.0	0.0	0.0	
T15-VM02-Ubu	2014-11-27T22:12:20-0800	423.0	299.0	0.0	0.0	0.0	
T15-VM02-Ubu	2014-11-27T22:12:40-0800	423.0	299.0	0.0	0.0	0.0	
T15-VM02-Ubu	2014-11-27T22:12:40-0800	383.0	499.0	0.0	0.0	0.0	
T15-VM02-Ubu	2014-11-27T22:12:40-0800	383.0	499.0	0.0	0.0	0.0	
T15-VM02-Ubu	2014-11-27T22:13:00-0800	383.0	499.0	0.0	0.0	0.0	
T15-VM02-Ubu	2014-11-27T22:13:00-0800	-1.0	-1.0	0.0	-1.0	0.0	
T15-VM02-Ubu	2014-11-27T22:13:00-0800	597.0	499.0	0.0	0.0	0.0	
T15-VM02-Ubu	2014-11-27T22:13:00-0800	597.0	499.0	0.0	0.0	0.0	
T15-VM02-Ubu	2014-11-27T22:13:20-0800	597.0	499.0	0.0	0.0	0.0	
T15-VM02-Ubu	2014-11-27T22:30:20-0800	81.0	99.0	0.0	0.0	0.0	
T15-VM02-Ubu	2014-11-27T22:30:20-0800	81.0	99.0	0.0	0.0	0.0	
T15-VM02-Ubu	2014-11-27T22:30:40-0800	81.0	99.0	0.0	0.0	0.0	
T15-VM02-Ubu	2014-11-27T22:30:40-0800	75.0	99.0	0.0	0.0	0.0	
T15-VM02-Ubu	2014-11-27T22:30:40-0800	75.0	99.0	0.0	0.0	0.0	
T15-VM02-Ubu	2014-11-27T22:31:00-0800	75.0	99.0	0.0	0.0	0.0	
T15-VM02-Ubu	2014-11-27T22:31:00-0800	75.0	99.0	0.0	0.0	0.0	
T15-VM02-Ubu	2014-11-27T22:31:00-0800	86.0	99.0	0.0	0.0	0.0	
T15-VM02-Ubu	2014-11-27T22:31:00-0800	86.0	99.0	0.0	0.0	0.0	
T15-VM02-Ubu	2014-11-27T22:31:20-0800	86.0	99.0	0.0	0.0	0.0	
T15-VM02-Ubu	2014-11-27T22:31:20-0800	86.0	99.0	0.0	0.0	0.0	
T15-VM02-Ubu	2014-11-27T22:31:20-0800	88.0	99.0	0.0	0.0	0.0	
T15-VM02-Ubu	2014-11-27T22:31:20-0800	88.0	99.0	0.0	0.0	0.0	
T15-VM02-Ubu	2014-11-27T22:31:40-0800	88.0	99.0	0.0	0.0	0.0	
T15-VM02-Ubu	2014-11-27T22:31:40-0800	-1.0	-1.0	0.0	-1.0	0.0	
T15-VM02-Ubu	2014-11-27T22:31:40-0800	89.0	99.0	0.0	0.0	0.0	
T15-VM02-Ubu	2014-11-27T22:31:40-0800	89.0	99.0	0.0	0.0	0.0	
T15-VM02-Ubu	2014-11-27T22:32:00-0800	89.0	99.0	0.0	0.0	0.0	
T15-VM02-Ubu	2014-11-27T22:32:00-0800	91.0	99.0	0.0	0.0	0.0	
T15-VM02-Ubu	2014-11-27T22:32:00-0800	91.0	99.0	0.0	0.0	0.0	
T15-VM02-Ubu	2014-11-27T22:32:00-0800	91.0	99.0	0.0	0.0	0.0	
T15-VM02-Ubu	2014-11-27T22:32:20-0800	91.0	99.0	0.0	0.0	0.0	
T15-VM02-Ubu	2014-11-27T22:32:20-0800	78.0	99.0	0.0	0.0	0.0	
T15-VM02-Ubu	2014-11-27T22:32:20-0800	78.0	99.0	0.0	0.0	0.0	
T15-VM02-Ubu	2014-11-27T22:32:20-0800	78.0	99.0	0.0	0.0	0.0	
T15-VM02-Ubu	2014-11-27T22:32:40-0800	78.0	99.0	0.0	0.0	0.0	
T15-VM02-Ubu	2014-11-27T22:32:40-0800	83.0	99.0	0.0	0.0	0.0	
T15-VM02-Ubu	2014-11-27T22:32:40-0800	83.0	99.0	0.0	0.0	0.0	
T15-VM02-Ubu	2014-11-27T22:33:00-0800	83.0	99.0	0.0	0.0	0.0	
T15-VM02-Ubu	2014-11-27T22:33:00-0800	83.0	99.0	0.0	0.0	0.0	
T15-VM02-Ubu	2014-11-27T22:33:00-0800	79.0	99.0	0.0	0.0	0.0	
T15-VM02-Ubu	2014-11-27T22:33:00-0800	79.0	99.0	0.0	0.0	0.0	
T15-VM02-Ubu	2014-11-27T22:33:20-0800	79.0	99.0	0.0	0.0	0.0	
T15-VM02-Ubu	2014-11-27T22:33:20-0800	-1.0	-1.0	0.0	-1.0	0.0	
T15-VM02-Ubu	2014-11-27T22:33:20-0800	83.0	99.0	0.0	0.0	0.0	
T15-VM02-Ubu	2014-11-27T22:33:20-0800	83.0	99.0	0.0	0.0	0.0	
T15-VM02-Ubu	2014-11-27T22:33:40-0800	83.0	99.0	0.0	0.0	0.0	
T15-VM02-Ubu	2014-11-27T22:33:40-0800	79.0	99.0	0.0	0.0	0.0	
T15-VM02-Ubu	2014-11-27T22:33:40-0800	79.0	99.0	0.0	0.0	0.0	
T15-VM02-Ubu	2014-11-27T22:33:40-0800	79.0	99.0	0.0	0.0	0.0	
T15-VM02-Ubu	2014-11-27T22:34:00-0800	79.0	99.0	0.0	0.0	0.0	
T15-VM02-Ubu	2014-11-27T22:34:00-0800	81.0	199.0	0.0	0.0	0.0	
T15-VM02-Ubu	2014-11-27T22:34:00-0800	81.0	199.0	0.0	0.0	0.0	
T15-VM02-Ubu	2014-11-27T22:34:20-0800	81.0	199.0	0.0	0.0	0.0	
T15-VM02-Ubu	2014-11-27T22:34:20-0800	81.0	199.0	0.0	0.0	0.0	
T15-VM02-Ubu	2014-11-27T22:34:20-0800	85.0	199.0	0.0	0.0	0.0	
T15-VM02-Ubu	2014-11-27T22:34:20-0800	85.0	199.0	0.0	0.0	0.0	
T15-VM02-Ubu	2014-11-27T22:34:40-0800	85.0	199.0	0.0	0.0	0.0	
T15-VM02-Ubu	2014-11-27T22:34:40-0800	85.0	199.0	0.0	0.0	0.0	
T15-VM02-Ubu	2014-11-27T22:34:40-0800	79.0	199.0	0.0	0.0	0.0	
T15-VM02-Ubu	2014-11-27T22:34:40-0800	79.0	199.0	0.0	0.0	0.0	
T15-VM02-Ubu	2014-11-27T22:35:00-0800	79.0	199.0	0.0	0.0	0.0	
T15-VM02-Ubu	2014-11-27T22:35:00-0800	92.0	99.0	0.0	0.0	0.0	
T15-VM02-Ubu	2014-11-27T22:35:00-0800	92.0	99.0	0.0	0.0	0.0	
T15-VM02-Ubu	2014-11-27T22:35:00-0800	92.0	99.0	0.0	0.0	0.0	
T15-VM02-Ubu	2014-11-27T22:35:20-0800	92.0	99.0	0.0	0.0	0.0	
T15-VM02-Ubu	2014-11-27T22:35:20-0800	85.0	99.0	0.0	0.0	0.0	
T15-VM02-Ubu	2014-11-27T22:35:20-0800	85.0	99.0	0.0	0.0	0.0	
T15-VM02-Ubu	2014-11-27T22:35:20-0800	85.0	99.0	0.0	0.0	0.0	
T15-VM02-Ubu	2014-11-27T22:35:40-0800	85.0	99.0	0.0	0.0	0.0	
T15-VM02-Ubu	2014-11-27T22:35:40-0800	84.0	99.0	0.0	0.0	0.0	
T15-VM02-Ubu	2014-11-27T22:35:40-0800	84.0	99.0	0.0	0.0	0.0	
T15-VM02-Ubu	2014-11-27T22:36:00-0800	84.0	99.0	0.0	0.0	0.0	
T15-VM02-Ubu	2014-11-27T22:36:00-0800	84.0	99.0	0.0	0.0	0.0	
T15-VM02-Ubu	2014-11-27T22:36:00-0800	85.0	99.0	0.0	0.0	0.0	
T15-VM02-Ubu	2014-11-27T22:36:00-0800	85.0	99.0	0.0	0.0	0.0	
T15-VM02-Ubu	2014-11-27T22:36:20-0800	85.0	99.0	0.0	0.0	0.0	
T15-VM02-Ubu	2014-11-27T22:36:20-0800	235.0	99.0	0.0	0.0	0.0	
T15-VM02-Ubu	2014-11-27T22:36:20-0800	235.0	99.0	0.0	0.0	0.0	
T15-VM02-Ubu	2014-11-27T22:36:20-0800	235.0	99.0	0.0	0.0	0.0	
T15-VM02-Ubu	2014-11-27T22:36:40-0800	-1.0	-1.0	0.0	-1.0	0.0	
T15-VM02-Ubu	2014-11-27T22:36:40-0800	0.0	0.0	0.0	0.0	0.0	
T15-VM02-Ubu	2014-11-27T22:36:40-0800	0.0	0.0	0.0	0.0	0.0	
T15-VM02-Ubu	2014-11-27T22:36:40-0800	0.0	0.0	0.0	0.0	0.0	
T15-VM02-Ubu	2014-11-27T22:36:40-0800	0.0	0.0	0.0	0.0	0.0	
T15-VM02-Ubu	2014-11-27T22:36:40-0800	0.0	0.0	0.0	0.0	0.0	
T15-VM02-Ubu	2014-11-27T22:36:40-0800	0.0	0.0	0.0	0.0	0.0	
T15-VM02-Ubu	2014-11-27T22:36:40-0800	0.0	0.0	0.0	0.0	0.0	
T15-VM02-Ubu	2014-11-27T22:38:40-0800	-1.0	-1.0	0.0	-1.0	0.0	
T15-VM02-Ubu	2014-11-27T22:38:40-0800	-1.0	-1.0	0.0	-1.0	0.0	
T15-VM02-Ubu	2014-11-27T22:39:00-0800	-1.0	-1.0	0.0	-1.0	0.0	
T15-VM02-Ubu	2014-12-05T16:07:20-0800	166.0	499.0	0.0	12.0	0.0	
T15-VM02-Ubu	2014-12-05T16:07:20-0800	141.0	499.0	0.0	9.0	0.0	
T15-VM02-Ubu	2014-12-05T16:07:20-0800	141.0	499.0	0.0	9.0	0.0	
T15-VM02-Ubu	2014-12-05T16:07:40-0800	141.0	499.0	0.0	9.0	0.0	
T15-VM02-Ubu	2014-12-05T16:07:40-0800	151.0	299.0	0.0	8.0	0.0	
T15-VM02-Ubu	2014-12-05T16:07:40-0800	151.0	299.0	0.0	8.0	0.0	
T15-VM02-Ubu	2014-12-05T16:08:00-0800	160.0	299.0	0.0	10.0	0.0	
T15-VM02-Ubu	2014-12-05T16:08:00-0800	160.0	299.0	0.0	10.0	0.0	
T15-VM02-Ubu	2014-12-05T16:08:20-0800	174.0	299.0	0.0	14.0	0.0	
T15-VM02-Ubu	2014-12-05T16:08:20-0800	174.0	299.0	0.0	14.0	0.0	
T15-VM02-Ubu	2014-12-05T16:08:40-0800	174.0	299.0	0.0	14.0	0.0	
T15-VM02-Ubu	2014-12-05T16:08:40-0800	193.0	299.0	0.0	11.0	0.0	
T15-VM02-Ubu	2014-12-05T16:08:40-0800	193.0	299.0	0.0	11.0	0.0	
T15-VM02-Ubu	2014-12-05T16:09:00-0800	172.0	399.0	0.0	16.0	0.0	
T15-VM02-Ubu	2014-12-05T16:09:20-0800	172.0	399.0	0.0	16.0	0.0	
T15-VM02-Ubu	2014-12-05T16:09:40-0800	184.0	399.0	0.0	10.0	0.0	
T15-VM02-Ubu	2014-12-05T16:10:00-0800	160.0	399.0	0.0	13.0	0.0	
T15-VM02-Ubu	2014-12-05T16:10:00-0800	160.0	399.0	0.0	13.0	0.0	
T15-VM02-Ubu	2014-12-05T16:10:20-0800	160.0	399.0	0.0	13.0	0.0	
T15-VM02-Ubu	2014-12-05T16:10:20-0800	187.0	399.0	0.0	14.0	0.0	
T15-VM02-Ubu	2014-12-05T16:10:40-0800	177.0	299.0	0.0	13.0	0.0	
T15-VM02-Ubu	2014-12-05T16:11:00-0800	177.0	299.0	0.0	13.0	0.0	
T15-VM02-Ubu	2014-12-05T16:11:00-0800	166.0	299.0	0.0	7.0	0.0	
T15-VM02-Ubu	2014-12-05T16:11:20-0800	164.0	299.0	0.0	10.0	0.0	
T15-VM02-Ubu	2014-12-05T16:11:20-0800	164.0	299.0	0.0	10.0	0.0	
T15-VM02-Ubu	2014-12-05T16:11:40-0800	163.0	199.0	0.0	10.0	0.0	
T15-VM02-Ubu	2014-12-05T16:12:20-0800	152.0	199.0	0.0	7.0	0.0	
T15-VM02-Ubu	2014-12-05T16:12:40-0800	158.0	499.0	0.0	11.0	0.0	
T15-VM02-Ubu	2014-12-05T16:13:20-0800	161.0	499.0	0.0	11.0	0.0	
T15-VM02-Ubu	2014-12-05T16:13:20-0800	161.0	499.0	0.0	11.0	0.0	
T15-VM02-Ubu	2014-12-05T16:13:20-0800	154.0	499.0	0.0	7.0	0.0	
T15-VM02-Ubu	2014-12-05T16:13:20-0800	154.0	499.0	0.0	7.0	0.0	
T15-VM02-Ubu	2014-12-05T16:13:40-0800	154.0	499.0	0.0	7.0	0.0	
T15-VM02-Ubu	2014-12-05T16:13:40-0800	165.0	199.0	0.0	7.0	0.0	
T15-VM02-Ubu	2014-12-05T16:13:40-0800	165.0	199.0	0.0	7.0	0.0	
T15-VM02-Ubu	2014-12-05T16:14:00-0800	165.0	199.0	0.0	7.0	0.0	
T15-VM02-Ubu	2014-12-05T16:14:00-0800	148.0	199.0	0.0	6.0	0.0	
T15-VM02-Ubu	2014-12-05T16:14:20-0800	148.0	199.0	0.0	6.0	0.0	
T15-VM02-Ubu	2014-12-05T16:14:20-0800	145.0	199.0	0.0	7.0	0.0	
T15-VM02-Ubu	2014-12-05T16:14:40-0800	145.0	199.0	0.0	7.0	0.0	
T15-VM02-Ubu	2014-12-05T16:14:40-0800	186.0	199.0	0.0	14.0	0.0	
T15-VM02-Ubu	2014-12-05T16:15:00-0800	186.0	199.0	0.0	14.0	0.0	
T15-VM02-Ubu	2014-12-05T16:15:00-0800	171.0	199.0	0.0	11.0	0.0	
T15-VM02-Ubu	2014-12-05T16:15:40-0800	142.0	199.0	0.0	9.0	0.0	
T15-VM02-Ubu	2014-12-05T16:15:40-0800	158.0	299.0	0.0	12.0	0.0	
T15-VM02-Ubu	2014-12-05T16:16:00-0800	158.0	299.0	0.0	12.0	0.0	
T15-VM02-Ubu	2014-12-05T16:16:00-0800	162.0	299.0	0.0	13.0	0.0	
T15-VM02-Ubu	2014-12-05T16:16:00-0800	162.0	299.0	0.0	13.0	0.0	
T15-VM03-Ubu	2014-12-05T16:27:20-0800	37.0	0.0	0.0	0.0	0.0	
T15-VM03-Ubu	2014-12-05T16:27:40-0800	37.0	0.0	0.0	0.0	0.0	
T15-VM03-Ubu	2014-12-05T16:27:40-0800	36.0	0.0	0.0	0.0	0.0	
T15-VM03-Ubu	2014-12-05T16:27:40-0800	36.0	0.0	0.0	0.0	0.0	
T15-VM03-Ubu	2014-12-05T16:27:40-0800	36.0	0.0	0.0	0.0	0.0	
T15-VM03-Ubu	2014-12-05T16:28:00-0800	36.0	0.0	0.0	0.0	0.0	
T15-VM03-Ubu	2014-12-05T16:28:00-0800	39.0	0.0	0.0	0.0	0.0	
T15-VM03-Ubu	2014-12-05T16:28:00-0800	39.0	0.0	0.0	0.0	0.0	
T15-VM03-Ubu	2014-12-05T16:28:20-0800	39.0	0.0	0.0	0.0	0.0	
T15-VM03-Ubu	2014-12-05T16:28:20-0800	35.0	0.0	0.0	0.0	0.0	
T15-VM03-Ubu	2014-12-05T16:28:20-0800	35.0	0.0	0.0	0.0	0.0	
T15-VM03-Ubu	2014-12-05T16:28:20-0800	35.0	0.0	0.0	0.0	0.0	
T15-VM03-Ubu	2014-12-05T16:28:40-0800	35.0	0.0	0.0	0.0	0.0	
T15-VM03-Ubu	2014-12-05T16:28:40-0800	38.0	0.0	0.0	0.0	0.0	
T15-VM03-Ubu	2014-12-05T16:28:40-0800	38.0	0.0	0.0	0.0	0.0	
T15-VM03-Ubu	2014-12-05T16:29:00-0800	38.0	0.0	0.0	0.0	0.0	
T15-VM03-Ubu	2014-12-05T16:29:00-0800	38.0	0.0	0.0	0.0	0.0	
T15-VM03-Ubu	2014-12-05T16:30:00-0800	39.0	0.0	0.0	0.0	0.0	
T15-VM03-Ubu	2014-12-05T16:30:00-0800	39.0	0.0	0.0	0.0	0.0	
T15-VM03-Ubu	2014-12-05T16:30:40-0800	37.0	0.0	0.0	0.0	0.0	
T15-VM03-Ubu	2014-12-05T16:31:00-0800	37.0	0.0	0.0	0.0	0.0	
T15-VM03-Ubu	2014-12-05T16:31:20-0800	39.0	0.0	0.0	0.0	0.0	
T15-VM03-Ubu	2014-12-05T16:31:20-0800	39.0	0.0	0.0	0.0	0.0	
T15-VM03-Ubu	2014-12-05T16:32:20-0800	41.0	0.0	0.0	0.0	0.0	
T15-VM03-Ubu	2014-12-05T16:32:20-0800	36.0	0.0	0.0	0.0	0.0	
T15-VM03-Ubu	2014-12-05T16:32:40-0800	36.0	0.0	0.0	0.0	0.0	
T15-VM03-Ubu	2014-12-05T16:33:00-0800	36.0	0.0	0.0	0.0	0.0	
T15-VM03-Ubu	2014-12-05T16:33:00-0800	36.0	0.0	0.0	0.0	0.0	
T15-VM03-Ubu	2014-12-05T16:33:00-0800	40.0	0.0	0.0	0.0	0.0	
T15-VM03-Ubu	2014-12-05T16:33:00-0800	40.0	0.0	0.0	0.0	0.0	
T15-VM03-Ubu	2014-12-05T16:33:20-0800	40.0	0.0	0.0	0.0	0.0	
T15-VM03-Ubu	2014-12-05T16:33:20-0800	38.0	0.0	0.0	0.0	0.0	
T15-VM03-Ubu	2014-12-05T16:33:20-0800	38.0	0.0	0.0	0.0	0.0	
T15-VM03-Ubu	2014-12-05T16:33:40-0800	38.0	0.0	0.0	0.0	0.0	
T15-VM03-Ubu	2014-12-05T16:33:40-0800	36.0	0.0	0.0	0.0	0.0	
T15-VM03-Ubu	2014-12-05T16:33:40-0800	36.0	0.0	0.0	0.0	0.0	
T15-VM03-Ubu	2014-12-05T16:33:40-0800	36.0	0.0	0.0	0.0	0.0	
T15-VM03-Ubu	2014-12-05T16:34:00-0800	36.0	0.0	0.0	0.0	0.0	
T15-VM03-Ubu	2014-12-05T16:34:00-0800	39.0	0.0	0.0	0.0	0.0	
T15-VM03-Ubu	2014-12-05T16:34:20-0800	39.0	0.0	0.0	0.0	0.0	
T15-VM03-Ubu	2014-12-05T16:34:20-0800	39.0	0.0	0.0	0.0	0.0	
T15-VM03-Ubu	2014-12-05T16:34:20-0800	39.0	0.0	0.0	0.0	0.0	
T15-VM03-Ubu	2014-12-05T16:34:20-0800	39.0	0.0	0.0	0.0	0.0	
T15-VM03-Ubu	2014-12-05T16:34:40-0800	39.0	0.0	0.0	0.0	0.0	
T15-VM03-Ubu	2014-12-05T16:34:40-0800	38.0	0.0	0.0	0.0	0.0	
T15-VM03-Ubu	2014-12-05T16:34:40-0800	38.0	0.0	0.0	0.0	0.0	
T15-VM03-Ubu	2014-12-05T16:34:40-0800	38.0	0.0	0.0	0.0	0.0	
T15-VM03-Ubu	2014-12-05T16:35:00-0800	39.0	0.0	0.0	0.0	0.0	
T15-VM03-Ubu	2014-12-05T16:35:00-0800	39.0	0.0	0.0	0.0	0.0	
T15-VM03-Ubu	2014-12-05T16:35:00-0800	39.0	0.0	0.0	0.0	0.0	
T15-VM03-Ubu	2014-12-05T16:35:20-0800	39.0	0.0	0.0	0.0	0.0	
T15-VM03-Ubu	2014-12-05T16:35:20-0800	39.0	0.0	0.0	0.0	0.0	
T15-VM03-Ubu	2014-12-05T16:35:20-0800	39.0	0.0	0.0	0.0	0.0	
T15-VM03-Ubu	2014-12-05T16:35:40-0800	34.0	0.0	0.0	0.0	0.0	
T15-VM03-Ubu	2014-12-05T16:35:40-0800	34.0	0.0	0.0	0.0	0.0	
T15-VM03-Ubu	2014-12-05T16:36:00-0800	37.0	0.0	0.0	0.0	0.0	
T15-VM03-Ubu	2014-12-05T16:36:20-0800	36.0	0.0	0.0	0.0	0.0	
T15-VM03-Ubu	2014-12-05T16:37:20-0800	39.0	0.0	0.0	0.0	0.0	
T15-VM03-Ubu	2014-12-05T16:38:00-0800	37.0	0.0	0.0	0.0	0.0	
T15-VM03-Ubu	2014-12-05T16:38:00-0800	37.0	0.0	0.0	0.0	0.0	
T15-VM03-Ubu	2014-12-05T16:38:20-0800	39.0	0.0	0.0	0.0	0.0	
T15-VM03-Ubu	2014-12-05T16:38:20-0800	39.0	0.0	0.0	0.0	0.0	
T15-VM03-Ubu	2014-12-05T16:38:40-0800	39.0	0.0	0.0	0.0	0.0	
T15-VM03-Ubu	2014-12-05T16:38:40-0800	38.0	0.0	0.0	0.0	0.0	
T15-VM03-Ubu	2014-12-05T16:38:40-0800	38.0	0.0	0.0	0.0	0.0	
T15-VM03-Ubu	2014-12-05T16:39:00-0800	40.0	0.0	0.0	0.0	0.0	
T15-VM03-Ubu	2014-12-05T16:39:00-0800	40.0	0.0	0.0	0.0	0.0	
T15-VM03-Ubu	2014-12-05T16:39:20-0800	39.0	0.0	0.0	0.0	0.0	
T15-VM03-Ubu	2014-12-05T16:39:40-0800	41.0	0.0	0.0	0.0	0.0	
T15-VM03-Ubu	2014-12-05T16:40:00-0800	41.0	0.0	0.0	0.0	0.0	
T15-VM03-Ubu	2014-12-05T16:40:00-0800	46.0	0.0	0.0	0.0	0.0	
T15-VM03-Ubu	2014-12-05T16:40:00-0800	46.0	0.0	0.0	0.0	0.0	
T15-VM03-Ubu	2014-12-05T16:40:20-0800	46.0	0.0	0.0	0.0	0.0	
T15-VM03-Ubu	2014-12-05T16:40:20-0800	39.0	0.0	0.0	0.0	0.0	
T15-VM03-Ubu	2014-12-05T16:41:00-0800	35.0	0.0	0.0	0.0	0.0	
T15-VM03-Ubu	2014-12-05T16:41:00-0800	40.0	0.0	0.0	0.0	0.0	
T15-VM03-Ubu	2014-12-05T16:41:20-0800	39.0	0.0	0.0	0.0	0.0	
T15-VM03-Ubu	2014-12-05T16:41:20-0800	39.0	0.0	0.0	0.0	0.0	
T15-VM03-Ubu	2014-12-05T16:41:40-0800	45.0	0.0	0.0	0.0	0.0	
T15-VM03-Ubu	2014-12-05T16:42:20-0800	46.0	0.0	0.0	0.0	0.0	
T15-VM03-Ubu	2014-12-05T16:42:40-0800	38.0	0.0	0.0	0.0	0.0	
T15-VM03-Ubu	2014-12-05T16:43:20-0800	43.0	0.0	0.0	0.0	0.0	
T15-VM03-Ubu	2014-12-05T16:43:20-0800	39.0	0.0	0.0	0.0	0.0	
T15-VM03-Ubu	2014-12-05T16:43:40-0800	40.0	0.0	0.0	0.0	0.0	
T15-VM03-Ubu	2014-12-05T16:44:00-0800	40.0	0.0	0.0	0.0	0.0	
T15-VM03-Ubu	2014-12-05T16:44:40-0800	43.0	0.0	0.0	0.0	0.0	
T15-VM03-Ubu	2014-12-05T16:44:40-0800	38.0	0.0	0.0	0.0	0.0	
T15-VM03-Ubu	2014-12-05T16:45:00-0800	38.0	0.0	0.0	0.0	0.0	
T15-VM03-Ubu	2014-12-05T16:45:20-0800	41.0	0.0	0.0	0.0	0.0	
T15-VM03-Ubu	2014-12-05T16:45:20-0800	41.0	0.0	0.0	0.0	0.0	
T15-VM03-Ubu	2014-12-05T16:45:40-0800	36.0	0.0	0.0	0.0	0.0	
T15-VM03-Ubu	2014-12-05T16:45:40-0800	36.0	0.0	0.0	0.0	0.0	
T15-VM03-Ubu	2014-12-05T16:46:00-0800	36.0	0.0	0.0	0.0	0.0	
T15-VM03-Ubu	2014-12-05T16:46:00-0800	40.0	0.0	0.0	0.0	0.0	
T15-VM03-Ubu	2014-12-05T16:46:20-0800	40.0	0.0	0.0	0.0	0.0	
T15-VM03-Ubu	2014-12-05T16:46:20-0800	43.0	0.0	0.0	0.0	0.0	
T15-VM03-Ubu	2014-12-05T16:47:00-0800	40.0	0.0	0.0	0.0	0.0	
T15-VM03-Ubu	2014-12-05T16:47:00-0800	40.0	0.0	0.0	0.0	0.0	
T15-VM03-Ubu	2014-12-05T16:47:00-0800	40.0	0.0	0.0	0.0	0.0	
T15-VM03-Ubu	2014-12-05T16:47:20-0800	40.0	0.0	0.0	0.0	0.0	
T15-VM03-Ubu	2014-12-05T16:47:40-0800	38.0	0.0	0.0	0.0	0.0	
T15-VM03-Ubu	2014-12-05T16:48:00-0800	38.0	0.0	0.0	0.0	0.0	
T15-VM03-Ubu	2014-12-05T16:48:00-0800	38.0	0.0	0.0	0.0	0.0	
T15-VM03-Ubu	2014-12-05T16:48:00-0800	42.0	0.0	0.0	0.0	0.0	
T15-VM03-Ubu	2014-12-05T16:48:00-0800	42.0	0.0	0.0	0.0	0.0	
T15-VM03-Ubu	2014-12-05T16:48:20-0800	42.0	0.0	0.0	0.0	0.0	
T15-VM03-Ubu	2014-12-05T16:48:20-0800	48.0	0.0	0.0	0.0	0.0	
T15-VM03-Ubu	2014-12-05T16:48:20-0800	48.0	0.0	0.0	0.0	0.0	
T15-VM03-Ubu	2014-12-05T16:48:40-0800	40.0	0.0	0.0	0.0	0.0	
T15-VM03-Ubu	2014-12-05T16:48:40-0800	40.0	0.0	0.0	0.0	0.0	
T15-VM03-Ubu	2014-12-05T16:49:00-0800	44.0	0.0	0.0	0.0	0.0	
T15-VM03-Ubu	2014-12-05T16:49:00-0800	44.0	0.0	0.0	0.0	0.0	
T15-VM03-Ubu	2014-12-05T16:49:20-0800	44.0	0.0	0.0	0.0	0.0	
T15-VM02-Ubu	2014-12-05T17:40:40-0800	-1.0	-1.0	0.0	-1.0	0.0	
T15-VM02-Ubu	2014-12-05T17:41:00-0800	95.0	0.0	0.0	0.0	0.0	
T15-VM02-Ubu	2014-12-05T17:41:00-0800	95.0	0.0	0.0	0.0	0.0	
T15-VM02-Ubu	2014-12-05T17:41:00-0800	95.0	0.0	0.0	0.0	0.0	
T15-VM02-Ubu	2014-12-05T17:41:00-0800	102.0	0.0	0.0	0.0	0.0	
T15-VM02-Ubu	2014-12-05T17:41:20-0800	102.0	0.0	0.0	0.0	0.0	
T15-VM02-Ubu	2014-12-05T17:41:20-0800	-1.0	-1.0	0.0	-1.0	0.0	
T15-VM02-Ubu	2014-12-05T17:48:40-0800	111.0	99.0	0.0	0.0	0.0	
T15-VM02-Ubu	2014-12-05T17:48:40-0800	111.0	99.0	0.0	0.0	0.0	
T15-VM02-Ubu	2014-12-05T17:48:40-0800	111.0	99.0	0.0	0.0	0.0	
T15-VM02-Ubu	2014-12-05T17:48:40-0800	95.0	99.0	0.0	0.0	0.0	
T15-VM02-Ubu	2014-12-05T17:49:00-0800	95.0	99.0	0.0	0.0	0.0	
T15-VM02-Ubu	2014-12-05T17:49:00-0800	95.0	99.0	0.0	0.0	0.0	
T15-VM02-Ubu	2014-12-05T17:49:00-0800	95.0	99.0	0.0	0.0	0.0	
T15-VM02-Ubu	2014-12-05T18:21:20-0800	98.0	199.0	0.0	0.0	0.0	
T15-VM02-Ubu	2014-12-05T18:21:20-0800	-1.0	-1.0	0.0	-1.0	0.0	
T15-VM02-Ubu	2014-12-05T18:22:40-0800	105.0	199.0	0.0	0.0	0.0	
T15-VM02-Ubu	2014-12-05T18:22:40-0800	105.0	199.0	0.0	0.0	0.0	
T15-VM02-Ubu	2014-12-05T18:22:40-0800	105.0	199.0	0.0	0.0	0.0	
T15-VM02-Ubu	2014-12-05T18:22:40-0800	105.0	199.0	0.0	0.0	0.0	
T15-VM02-Ubu	2014-12-05T18:23:00-0800	103.0	0.0	0.0	0.0	0.0	
T15-VM02-Ubu	2014-12-05T18:42:40-0800	158.0	99.0	0.0	0.0	0.0	
T15-VM02-Ubu	2014-12-05T18:43:00-0800	221.0	0.0	0.0	0.0	0.0	
T15-VM02-Ubu	2014-12-05T18:43:00-0800	221.0	0.0	0.0	0.0	0.0	
T15-VM02-Ubu	2014-12-05T18:43:40-0800	185.0	0.0	0.0	0.0	0.0	
T15-VM02-Ubu	2014-12-05T18:43:40-0800	185.0	0.0	0.0	0.0	0.0	
T15-VM02-Ubu	2014-12-05T19:36:20-0800	162.0	199.0	0.0	0.0	0.0	
T15-VM02-Ubu	2014-12-05T19:36:20-0800	162.0	199.0	0.0	0.0	0.0	
T15-VM02-Ubu	2014-12-05T19:36:20-0800	162.0	199.0	0.0	0.0	0.0	
T15-VM02-Ubu	2014-12-05T19:36:40-0800	159.0	199.0	0.0	0.0	0.0	
T15-VM02-Ubu	2014-12-05T19:36:40-0800	159.0	199.0	0.0	0.0	0.0	
T15-VM02-Ubu	2014-12-05T19:36:40-0800	159.0	199.0	0.0	0.0	0.0	
T15-VM02-Ubu	2014-12-05T19:37:00-0800	122.0	199.0	0.0	0.0	0.0	
T15-VM02-Ubu	2014-12-05T19:37:00-0800	122.0	199.0	0.0	0.0	0.0	
T15-VM03-Ubu	2014-12-05T20:29:20-0800	89.0	0.0	0.0	0.0	0.0	
T15-VM03-Ubu	2014-12-05T20:29:20-0800	89.0	0.0	0.0	0.0	0.0	
T15-VM03-Ubu	2014-12-05T20:29:40-0800	97.0	0.0	0.0	0.0	0.0	
T15-VM03-Ubu	2014-12-05T20:29:40-0800	97.0	0.0	0.0	0.0	0.0	
T15-VM03-Ubu	2014-12-05T20:29:40-0800	97.0	0.0	0.0	0.0	0.0	
T15-VM03-Ubu	2014-12-05T20:29:40-0800	97.0	0.0	0.0	0.0	0.0	
T15-VM03-Ubu	2014-12-05T20:30:00-0800	94.0	0.0	0.0	0.0	0.0	
T15-VM03-Ubu	2014-12-05T20:30:00-0800	94.0	0.0	0.0	0.0	0.0	
T15-VM03-Ubu	2014-12-05T20:30:00-0800	94.0	0.0	0.0	0.0	0.0	
T15-VM03-Ubu	2014-12-05T20:30:00-0800	94.0	0.0	0.0	0.0	0.0	
T15-VM03-Ubu	2014-12-05T20:30:20-0800	94.0	0.0	0.0	0.0	0.0	
T15-VM03-Ubu	2014-12-05T20:30:20-0800	94.0	0.0	0.0	0.0	0.0	
T15-VM03-Ubu	2014-12-05T20:30:20-0800	94.0	0.0	0.0	0.0	0.0	
T15-VM03-Ubu	2014-12-05T20:30:20-0800	92.0	0.0	0.0	0.0	0.0	
T15-VM03-Ubu	2014-12-05T20:30:40-0800	92.0	0.0	0.0	0.0	0.0	
T15-VM03-Ubu	2014-12-05T20:30:40-0800	92.0	0.0	0.0	0.0	0.0	
T15-VM03-Ubu	2014-12-05T20:30:40-0800	92.0	0.0	0.0	0.0	0.0	
T15-VM03-Ubu	2014-12-05T20:31:00-0800	88.0	0.0	0.0	0.0	0.0	
T15-VM03-Ubu	2014-12-05T20:31:00-0800	88.0	0.0	0.0	0.0	0.0	
T15-VM03-Ubu	2014-12-05T20:31:00-0800	88.0	0.0	0.0	0.0	0.0	
T15-VM03-Ubu	2014-12-05T20:31:00-0800	88.0	0.0	0.0	0.0	0.0	
T15-VM03-Ubu	2014-12-05T20:31:20-0800	88.0	0.0	0.0	0.0	0.0	
T15-VM03-Ubu	2014-12-05T20:31:20-0800	88.0	0.0	0.0	0.0	0.0	
T15-VM03-Ubu	2014-12-05T20:31:20-0800	88.0	0.0	0.0	0.0	0.0	
T15-VM03-Ubu	2014-12-05T20:31:20-0800	88.0	0.0	0.0	0.0	0.0	
T15-VM03-Ubu	2014-12-05T20:31:40-0800	106.0	0.0	0.0	0.0	0.0	
T15-VM03-Ubu	2014-12-05T20:31:40-0800	106.0	0.0	0.0	0.0	0.0	
T15-VM03-Ubu	2014-12-05T20:31:40-0800	106.0	0.0	0.0	0.0	0.0	
T15-VM03-Ubu	2014-12-05T20:31:40-0800	-1.0	-1.0	0.0	0.0	0.0	
T15-VM03-Ubu	2014-12-05T20:32:00-0800	94.0	0.0	0.0	0.0	0.0	
T15-VM03-Ubu	2014-12-05T20:32:00-0800	94.0	0.0	0.0	0.0	0.0	
T15-VM03-Ubu	2014-12-05T20:32:00-0800	94.0	0.0	0.0	0.0	0.0	
T15-VM03-Ubu	2014-12-05T20:32:00-0800	93.0	0.0	0.0	0.0	0.0	
T15-VM03-Ubu	2014-12-05T20:32:20-0800	93.0	0.0	0.0	0.0	0.0	
T15-VM03-Ubu	2014-12-05T20:32:20-0800	93.0	0.0	0.0	0.0	0.0	
T15-VM03-Ubu	2014-12-05T20:32:20-0800	93.0	0.0	0.0	0.0	0.0	
T15-VM03-Ubu	2014-12-05T20:32:40-0800	91.0	0.0	0.0	0.0	0.0	
T15-VM03-Ubu	2014-12-05T20:32:40-0800	91.0	0.0	0.0	0.0	0.0	
T15-VM03-Ubu	2014-12-05T20:32:40-0800	91.0	0.0	0.0	0.0	0.0	
T15-VM03-Ubu	2014-12-05T20:32:40-0800	91.0	0.0	0.0	0.0	0.0	
T15-VM03-Ubu	2014-12-05T20:33:00-0800	98.0	0.0	0.0	0.0	0.0	
T15-VM03-Ubu	2014-12-05T20:33:00-0800	98.0	0.0	0.0	0.0	0.0	
T15-VM03-Ubu	2014-12-05T20:33:00-0800	98.0	0.0	0.0	0.0	0.0	
T15-VM03-Ubu	2014-12-05T20:33:00-0800	98.0	0.0	0.0	0.0	0.0	
T15-VM03-Ubu	2014-12-05T20:33:20-0800	96.0	0.0	0.0	0.0	0.0	
T15-VM03-Ubu	2014-12-05T20:33:20-0800	96.0	0.0	0.0	0.0	0.0	
T15-VM03-Ubu	2014-12-05T20:33:20-0800	96.0	0.0	0.0	0.0	0.0	
T15-VM03-Ubu	2014-12-05T20:33:20-0800	96.0	0.0	0.0	0.0	0.0	
T15-VM03-Ubu	2014-12-05T20:33:40-0800	104.0	0.0	0.0	0.0	0.0	
T15-VM03-Ubu	2014-12-05T20:33:40-0800	104.0	0.0	0.0	0.0	0.0	
T15-VM03-Ubu	2014-12-05T20:33:40-0800	104.0	0.0	0.0	0.0	0.0	
T15-VM03-Ubu	2014-12-05T20:33:40-0800	-1.0	-1.0	0.0	0.0	0.0	
T15-VM03-Ubu	2014-12-05T20:34:00-0800	95.0	0.0	0.0	0.0	0.0	
T15-VM03-Ubu	2014-12-05T20:34:00-0800	95.0	0.0	0.0	0.0	0.0	
T15-VM03-Ubu	2014-12-05T20:34:00-0800	95.0	0.0	0.0	0.0	0.0	
T15-VM03-Ubu	2014-12-05T20:34:00-0800	100.0	0.0	0.0	0.0	0.0	
T15-VM03-Ubu	2014-12-05T20:34:20-0800	100.0	0.0	0.0	0.0	0.0	
T15-VM03-Ubu	2014-12-05T20:34:20-0800	100.0	0.0	0.0	0.0	0.0	
T15-VM03-Ubu	2014-12-05T20:34:20-0800	100.0	0.0	0.0	0.0	0.0	
T15-VM03-Ubu	2014-12-05T20:34:40-0800	87.0	0.0	0.0	0.0	0.0	
T15-VM03-Ubu	2014-12-05T20:34:40-0800	87.0	0.0	0.0	0.0	0.0	
T15-VM03-Ubu	2014-12-05T20:34:40-0800	87.0	0.0	0.0	0.0	0.0	
T15-VM03-Ubu	2014-12-05T20:34:40-0800	87.0	0.0	0.0	0.0	0.0	
T15-VM03-Ubu	2014-12-05T20:35:00-0800	99.0	0.0	0.0	0.0	0.0	
T15-VM03-Ubu	2014-12-05T20:35:00-0800	99.0	0.0	0.0	0.0	0.0	
T15-VM03-Ubu	2014-12-05T20:35:20-0800	90.0	0.0	0.0	0.0	0.0	
T15-VM03-Ubu	2014-12-05T20:35:40-0800	92.0	0.0	0.0	0.0	0.0	
T15-VM03-Ubu	2014-12-05T20:36:00-0800	84.0	0.0	0.0	0.0	0.0	
T15-VM03-Ubu	2014-12-05T20:36:20-0800	80.0	0.0	0.0	0.0	0.0	
T15-VM03-Ubu	2014-12-05T20:36:40-0800	95.0	0.0	0.0	0.0	0.0	
T15-VM03-Ubu	2014-12-05T20:37:00-0800	92.0	0.0	0.0	0.0	0.0	
T15-VM03-Ubu	2014-12-05T20:37:20-0800	92.0	0.0	0.0	0.0	0.0	
T15-VM03-Ubu	2014-12-05T20:37:40-0800	91.0	0.0	0.0	0.0	0.0	
T15-VM03-Ubu	2014-12-05T20:38:00-0800	89.0	0.0	0.0	0.0	0.0	
T15-VM03-Ubu	2014-12-07T20:29:40-0800	13.0	0.0	0.0	0.0	0.0	
T15-VM03-Ubu	2014-12-07T20:30:00-0800	19.0	0.0	0.0	0.0	0.0	
T15-VM03-Ubu	2014-12-07T20:30:20-0800	14.0	0.0	0.0	0.0	0.0	
